<?xml version="1.0" encoding="UTF-8"?>
<testsuite xmlns:xsi="http://www.w3.org/2001/XMLSchema-instance" xsi:noNamespaceSchemaLocation="https://maven.apache.org/surefire/maven-surefire-plugin/xsd/surefire-test-report-3.0.xsd" version="3.0" name="sk.malyp.GreetingTest" time="4.876" tests="1" errors="0" skipped="0" failures="0">
  <properties>
    <property name="java.specification.version" value="21"/>
    <property name="vertx.cacheDirBase" value="/tmp/quarkus"/>
    <property name="test.url" value="http://localhost:8081"/>
    <property name="sun.jnu.encoding" value="UTF-8"/>
    <property name="java.class.path" value="/Users/patrikmaly/development/quarkus-lambda-tutorial/target/test-classes:/Users/patrikmaly/development/quarkus-lambda-tutorial/target/classes:/Users/patrikmaly/.m2/repository/io/quarkus/quarkus-resteasy/3.6.3/quarkus-resteasy-3.6.3.jar:/Users/patrikmaly/.m2/repository/io/quarkus/quarkus-vertx-http/3.6.3/quarkus-vertx-http-3.6.3.jar:/Users/patrikmaly/.m2/repository/io/quarkus/quarkus-security-runtime-spi/3.6.3/quarkus-security-runtime-spi-3.6.3.jar:/Users/patrikmaly/.m2/repository/io/quarkus/quarkus-credentials/3.6.3/quarkus-credentials-3.6.3.jar:/Users/patrikmaly/.m2/repository/io/quarkus/arc/arc/3.6.3/arc-3.6.3.jar:/Users/patrikmaly/.m2/repository/jakarta/transaction/jakarta.transaction-api/2.0.1/jakarta.transaction-api-2.0.1.jar:/Users/patrikmaly/.m2/repository/io/quarkus/quarkus-mutiny/3.6.3/quarkus-mutiny-3.6.3.jar:/Users/patrikmaly/.m2/repository/io/smallrye/reactive/mutiny/2.5.1/mutiny-2.5.1.jar:/Users/patrikmaly/.m2/repository/io/quarkus/quarkus-smallrye-context-propagation/3.6.3/quarkus-smallrye-context-propagation-3.6.3.jar:/Users/patrikmaly/.m2/repository/io/smallrye/smallrye-context-propagation/2.1.0/smallrye-context-propagation-2.1.0.jar:/Users/patrikmaly/.m2/repository/io/smallrye/smallrye-context-propagation-api/2.1.0/smallrye-context-propagation-api-2.1.0.jar:/Users/patrikmaly/.m2/repository/io/smallrye/smallrye-context-propagation-storage/2.1.0/smallrye-context-propagation-storage-2.1.0.jar:/Users/patrikmaly/.m2/repository/io/smallrye/reactive/mutiny-smallrye-context-propagation/2.5.1/mutiny-smallrye-context-propagation-2.5.1.jar:/Users/patrikmaly/.m2/repository/io/smallrye/common/smallrye-common-vertx-context/2.1.2/smallrye-common-vertx-context-2.1.2.jar:/Users/patrikmaly/.m2/repository/io/vertx/vertx-core/4.4.6/vertx-core-4.4.6.jar:/Users/patrikmaly/.m2/repository/io/netty/netty-common/4.1.100.Final/netty-common-4.1.100.Final.jar:/Users/patrikmaly/.m2/repository/io/netty/netty-buffer/4.1.100.Final/netty-buffer-4.1.100.Final.jar:/Users/patrikmaly/.m2/repository/io/netty/netty-transport/4.1.100.Final/netty-transport-4.1.100.Final.jar:/Users/patrikmaly/.m2/repository/io/netty/netty-handler/4.1.100.Final/netty-handler-4.1.100.Final.jar:/Users/patrikmaly/.m2/repository/io/netty/netty-transport-native-unix-common/4.1.100.Final/netty-transport-native-unix-common-4.1.100.Final.jar:/Users/patrikmaly/.m2/repository/io/netty/netty-handler-proxy/4.1.100.Final/netty-handler-proxy-4.1.100.Final.jar:/Users/patrikmaly/.m2/repository/io/netty/netty-codec-socks/4.1.100.Final/netty-codec-socks-4.1.100.Final.jar:/Users/patrikmaly/.m2/repository/io/netty/netty-codec-http/4.1.100.Final/netty-codec-http-4.1.100.Final.jar:/Users/patrikmaly/.m2/repository/io/netty/netty-codec-http2/4.1.100.Final/netty-codec-http2-4.1.100.Final.jar:/Users/patrikmaly/.m2/repository/io/netty/netty-resolver/4.1.100.Final/netty-resolver-4.1.100.Final.jar:/Users/patrikmaly/.m2/repository/io/netty/netty-resolver-dns/4.1.100.Final/netty-resolver-dns-4.1.100.Final.jar:/Users/patrikmaly/.m2/repository/io/netty/netty-codec-dns/4.1.100.Final/netty-codec-dns-4.1.100.Final.jar:/Users/patrikmaly/.m2/repository/com/fasterxml/jackson/core/jackson-core/2.15.3/jackson-core-2.15.3.jar:/Users/patrikmaly/.m2/repository/io/smallrye/common/smallrye-common-constraint/2.1.2/smallrye-common-constraint-2.1.2.jar:/Users/patrikmaly/.m2/repository/io/quarkus/security/quarkus-security/2.0.2.Final/quarkus-security-2.0.2.Final.jar:/Users/patrikmaly/.m2/repository/io/quarkus/quarkus-vertx/3.6.3/quarkus-vertx-3.6.3.jar:/Users/patrikmaly/.m2/repository/io/quarkus/quarkus-netty/3.6.3/quarkus-netty-3.6.3.jar:/Users/patrikmaly/.m2/repository/io/netty/netty-codec/4.1.100.Final/netty-codec-4.1.100.Final.jar:/Users/patrikmaly/.m2/repository/com/aayushatharva/brotli4j/brotli4j/1.12.0/brotli4j-1.12.0.jar:/Users/patrikmaly/.m2/repository/com/aayushatharva/brotli4j/service/1.12.0/service-1.12.0.jar:/Users/patrikmaly/.m2/repository/com/aayushatharva/brotli4j/native-osx-aarch64/1.12.0/native-osx-aarch64-1.12.0.jar:/Users/patrikmaly/.m2/repository/io/netty/netty-codec-haproxy/4.1.100.Final/netty-codec-haproxy-4.1.100.Final.jar:/Users/patrikmaly/.m2/repository/io/smallrye/common/smallrye-common-annotation/2.1.2/smallrye-common-annotation-2.1.2.jar:/Users/patrikmaly/.m2/repository/io/quarkus/quarkus-virtual-threads/3.6.3/quarkus-virtual-threads-3.6.3.jar:/Users/patrikmaly/.m2/repository/io/quarkus/quarkus-vertx-latebound-mdc-provider/3.6.3/quarkus-vertx-latebound-mdc-provider-3.6.3.jar:/Users/patrikmaly/.m2/repository/io/smallrye/reactive/smallrye-mutiny-vertx-core/3.7.2/smallrye-mutiny-vertx-core-3.7.2.jar:/Users/patrikmaly/.m2/repository/io/smallrye/reactive/smallrye-mutiny-vertx-runtime/3.7.2/smallrye-mutiny-vertx-runtime-3.7.2.jar:/Users/patrikmaly/.m2/repository/io/smallrye/reactive/vertx-mutiny-generator/3.7.2/vertx-mutiny-generator-3.7.2.jar:/Users/patrikmaly/.m2/repository/io/vertx/vertx-codegen/4.4.6/vertx-codegen-4.4.6.jar:/Users/patrikmaly/.m2/repository/io/smallrye/smallrye-fault-tolerance-vertx/6.2.6/smallrye-fault-tolerance-vertx-6.2.6.jar:/Users/patrikmaly/.m2/repository/io/smallrye/reactive/smallrye-mutiny-vertx-web/3.7.2/smallrye-mutiny-vertx-web-3.7.2.jar:/Users/patrikmaly/.m2/repository/io/smallrye/reactive/smallrye-mutiny-vertx-web-common/3.7.2/smallrye-mutiny-vertx-web-common-3.7.2.jar:/Users/patrikmaly/.m2/repository/io/smallrye/reactive/smallrye-mutiny-vertx-auth-common/3.7.2/smallrye-mutiny-vertx-auth-common-3.7.2.jar:/Users/patrikmaly/.m2/repository/io/smallrye/reactive/smallrye-mutiny-vertx-bridge-common/3.7.2/smallrye-mutiny-vertx-bridge-common-3.7.2.jar:/Users/patrikmaly/.m2/repository/io/smallrye/reactive/smallrye-mutiny-vertx-uri-template/3.7.2/smallrye-mutiny-vertx-uri-template-3.7.2.jar:/Users/patrikmaly/.m2/repository/io/vertx/vertx-uri-template/4.4.6/vertx-uri-template-4.4.6.jar:/Users/patrikmaly/.m2/repository/io/vertx/vertx-web/4.4.6/vertx-web-4.4.6.jar:/Users/patrikmaly/.m2/repository/io/vertx/vertx-web-common/4.4.6/vertx-web-common-4.4.6.jar:/Users/patrikmaly/.m2/repository/io/vertx/vertx-auth-common/4.4.6/vertx-auth-common-4.4.6.jar:/Users/patrikmaly/.m2/repository/io/vertx/vertx-bridge-common/4.4.6/vertx-bridge-common-4.4.6.jar:/Users/patrikmaly/.m2/repository/io/github/crac/org-crac/0.1.3/org-crac-0.1.3.jar:/Users/patrikmaly/.m2/repository/io/quarkus/quarkus-resteasy-server-common/3.6.3/quarkus-resteasy-server-common-3.6.3.jar:/Users/patrikmaly/.m2/repository/io/quarkus/quarkus-arc/3.6.3/quarkus-arc-3.6.3.jar:/Users/patrikmaly/.m2/repository/org/eclipse/microprofile/context-propagation/microprofile-context-propagation-api/1.3/microprofile-context-propagation-api-1.3.jar:/Users/patrikmaly/.m2/repository/io/quarkus/quarkus-resteasy-common/3.6.3/quarkus-resteasy-common-3.6.3.jar:/Users/patrikmaly/.m2/repository/org/jboss/resteasy/resteasy-core/6.2.6.Final/resteasy-core-6.2.6.Final.jar:/Users/patrikmaly/.m2/repository/jakarta/xml/bind/jakarta.xml.bind-api/4.0.1/jakarta.xml.bind-api-4.0.1.jar:/Users/patrikmaly/.m2/repository/org/reactivestreams/reactive-streams/1.0.4/reactive-streams-1.0.4.jar:/Users/patrikmaly/.m2/repository/com/ibm/async/asyncutil/0.1.0/asyncutil-0.1.0.jar:/Users/patrikmaly/.m2/repository/org/eclipse/angus/angus-activation/2.0.1/angus-activation-2.0.1.jar:/Users/patrikmaly/.m2/repository/jakarta/activation/jakarta.activation-api/2.1.2/jakarta.activation-api-2.1.2.jar:/Users/patrikmaly/.m2/repository/jakarta/ws/rs/jakarta.ws.rs-api/3.1.0/jakarta.ws.rs-api-3.1.0.jar:/Users/patrikmaly/.m2/repository/org/jboss/resteasy/microprofile/microprofile-config/2.1.4.Final/microprofile-config-2.1.4.Final.jar:/Users/patrikmaly/.m2/repository/jakarta/servlet/jakarta.servlet-api/6.0.0/jakarta.servlet-api-6.0.0.jar:/Users/patrikmaly/.m2/repository/org/eclipse/microprofile/config/microprofile-config-api/3.0.3/microprofile-config-api-3.0.3.jar:/Users/patrikmaly/.m2/repository/org/jboss/resteasy/resteasy-cdi/6.2.6.Final/resteasy-cdi-6.2.6.Final.jar:/Users/patrikmaly/.m2/repository/org/jboss/resteasy/resteasy-core-spi/6.2.6.Final/resteasy-core-spi-6.2.6.Final.jar:/Users/patrikmaly/.m2/repository/jakarta/validation/jakarta.validation-api/3.0.2/jakarta.validation-api-3.0.2.jar:/Users/patrikmaly/.m2/repository/io/quarkus/quarkus-amazon-lambda-rest/3.6.3/quarkus-amazon-lambda-rest-3.6.3.jar:/Users/patrikmaly/.m2/repository/io/quarkus/quarkus-security/3.6.3/quarkus-security-3.6.3.jar:/Users/patrikmaly/.m2/repository/jakarta/interceptor/jakarta.interceptor-api/2.1.0/jakarta.interceptor-api-2.1.0.jar:/Users/patrikmaly/.m2/repository/jakarta/enterprise/jakarta.enterprise.cdi-api/4.0.1/jakarta.enterprise.cdi-api-4.0.1.jar:/Users/patrikmaly/.m2/repository/jakarta/enterprise/jakarta.enterprise.lang-model/4.0.1/jakarta.enterprise.lang-model-4.0.1.jar:/Users/patrikmaly/.m2/repository/jakarta/el/jakarta.el-api/5.0.1/jakarta.el-api-5.0.1.jar:/Users/patrikmaly/.m2/repository/io/quarkus/quarkus-amazon-lambda/3.6.3/quarkus-amazon-lambda-3.6.3.jar:/Users/patrikmaly/.m2/repository/io/quarkus/quarkus-amazon-lambda-common/3.6.3/quarkus-amazon-lambda-common-3.6.3.jar:/Users/patrikmaly/.m2/repository/com/amazonaws/aws-lambda-java-core/1.2.3/aws-lambda-java-core-1.2.3.jar:/Users/patrikmaly/.m2/repository/com/amazonaws/aws-lambda-java-events/3.11.3/aws-lambda-java-events-3.11.3.jar:/Users/patrikmaly/.m2/repository/io/quarkus/quarkus-jackson/3.6.3/quarkus-jackson-3.6.3.jar:/Users/patrikmaly/.m2/repository/com/fasterxml/jackson/core/jackson-databind/2.15.3/jackson-databind-2.15.3.jar:/Users/patrikmaly/.m2/repository/com/fasterxml/jackson/datatype/jackson-datatype-jsr310/2.15.3/jackson-datatype-jsr310-2.15.3.jar:/Users/patrikmaly/.m2/repository/com/fasterxml/jackson/datatype/jackson-datatype-jdk8/2.15.3/jackson-datatype-jdk8-2.15.3.jar:/Users/patrikmaly/.m2/repository/com/fasterxml/jackson/module/jackson-module-parameter-names/2.15.3/jackson-module-parameter-names-2.15.3.jar:/Users/patrikmaly/.m2/repository/com/fasterxml/jackson/datatype/jackson-datatype-joda/2.15.3/jackson-datatype-joda-2.15.3.jar:/Users/patrikmaly/.m2/repository/com/fasterxml/jackson/core/jackson-annotations/2.15.3/jackson-annotations-2.15.3.jar:/Users/patrikmaly/.m2/repository/joda-time/joda-time/2.10.14/joda-time-2.10.14.jar:/Users/patrikmaly/.m2/repository/io/quarkus/quarkus-core/3.6.3/quarkus-core-3.6.3.jar:/Users/patrikmaly/.m2/repository/jakarta/annotation/jakarta.annotation-api/2.1.1/jakarta.annotation-api-2.1.1.jar:/Users/patrikmaly/.m2/repository/jakarta/inject/jakarta.inject-api/2.0.1/jakarta.inject-api-2.0.1.jar:/Users/patrikmaly/.m2/repository/io/smallrye/common/smallrye-common-os/2.1.2/smallrye-common-os-2.1.2.jar:/Users/patrikmaly/.m2/repository/io/quarkus/quarkus-ide-launcher/3.6.3/quarkus-ide-launcher-3.6.3.jar:/Users/patrikmaly/.m2/repository/io/quarkus/quarkus-development-mode-spi/3.6.3/quarkus-development-mode-spi-3.6.3.jar:/Users/patrikmaly/.m2/repository/io/smallrye/config/smallrye-config/3.4.4/smallrye-config-3.4.4.jar:/Users/patrikmaly/.m2/repository/io/smallrye/config/smallrye-config-core/3.4.4/smallrye-config-core-3.4.4.jar:/Users/patrikmaly/.m2/repository/io/smallrye/common/smallrye-common-classloader/2.1.2/smallrye-common-classloader-2.1.2.jar:/Users/patrikmaly/.m2/repository/io/smallrye/config/smallrye-config-common/3.4.4/smallrye-config-common-3.4.4.jar:/Users/patrikmaly/.m2/repository/org/jboss/logging/jboss-logging/3.5.3.Final/jboss-logging-3.5.3.Final.jar:/Users/patrikmaly/.m2/repository/org/jboss/logmanager/jboss-logmanager/3.0.2.Final/jboss-logmanager-3.0.2.Final.jar:/Users/patrikmaly/.m2/repository/io/smallrye/common/smallrye-common-cpu/2.1.2/smallrye-common-cpu-2.1.2.jar:/Users/patrikmaly/.m2/repository/io/smallrye/common/smallrye-common-expression/2.1.2/smallrye-common-expression-2.1.2.jar:/Users/patrikmaly/.m2/repository/io/smallrye/common/smallrye-common-function/2.1.2/smallrye-common-function-2.1.2.jar:/Users/patrikmaly/.m2/repository/io/smallrye/common/smallrye-common-net/2.1.2/smallrye-common-net-2.1.2.jar:/Users/patrikmaly/.m2/repository/io/smallrye/common/smallrye-common-ref/2.1.2/smallrye-common-ref-2.1.2.jar:/Users/patrikmaly/.m2/repository/jakarta/json/jakarta.json-api/2.1.3/jakarta.json-api-2.1.3.jar:/Users/patrikmaly/.m2/repository/org/eclipse/parsson/parsson/1.1.5/parsson-1.1.5.jar:/Users/patrikmaly/.m2/repository/org/jboss/logging/jboss-logging-annotations/2.2.1.Final/jboss-logging-annotations-2.2.1.Final.jar:/Users/patrikmaly/.m2/repository/org/jboss/threads/jboss-threads/3.5.1.Final/jboss-threads-3.5.1.Final.jar:/Users/patrikmaly/.m2/repository/org/slf4j/slf4j-api/2.0.6/slf4j-api-2.0.6.jar:/Users/patrikmaly/.m2/repository/org/jboss/slf4j/slf4j-jboss-logmanager/2.0.0.Final/slf4j-jboss-logmanager-2.0.0.Final.jar:/Users/patrikmaly/.m2/repository/org/wildfly/common/wildfly-common/1.7.0.Final/wildfly-common-1.7.0.Final.jar:/Users/patrikmaly/.m2/repository/io/quarkus/quarkus-bootstrap-runner/3.6.3/quarkus-bootstrap-runner-3.6.3.jar:/Users/patrikmaly/.m2/repository/io/quarkus/quarkus-fs-util/0.0.9/quarkus-fs-util-0.0.9.jar:/Users/patrikmaly/.m2/repository/org/eclipse/microprofile/jwt/microprofile-jwt-auth-api/2.1/microprofile-jwt-auth-api-2.1.jar:/Users/patrikmaly/.m2/repository/io/quarkus/quarkus-junit5/3.6.3/quarkus-junit5-3.6.3.jar:/Users/patrikmaly/.m2/repository/io/quarkus/quarkus-bootstrap-core/3.6.3/quarkus-bootstrap-core-3.6.3.jar:/Users/patrikmaly/.m2/repository/io/quarkus/quarkus-bootstrap-app-model/3.6.3/quarkus-bootstrap-app-model-3.6.3.jar:/Users/patrikmaly/.m2/repository/io/smallrye/common/smallrye-common-io/2.1.2/smallrye-common-io-2.1.2.jar:/Users/patrikmaly/.m2/repository/org/eclipse/sisu/org.eclipse.sisu.inject/0.9.0.M2/org.eclipse.sisu.inject-0.9.0.M2.jar:/Users/patrikmaly/.m2/repository/io/quarkus/quarkus-test-common/3.6.3/quarkus-test-common-3.6.3.jar:/Users/patrikmaly/.m2/repository/io/quarkus/quarkus-core-deployment/3.6.3/quarkus-core-deployment-3.6.3.jar:/Users/patrikmaly/.m2/repository/org/aesh/readline/2.4/readline-2.4.jar:/Users/patrikmaly/.m2/repository/org/fusesource/jansi/jansi/2.4.0/jansi-2.4.0.jar:/Users/patrikmaly/.m2/repository/org/aesh/aesh/2.7/aesh-2.7.jar:/Users/patrikmaly/.m2/repository/io/quarkus/gizmo/gizmo/1.7.0/gizmo-1.7.0.jar:/Users/patrikmaly/.m2/repository/org/ow2/asm/asm-util/9.6/asm-util-9.6.jar:/Users/patrikmaly/.m2/repository/org/ow2/asm/asm-analysis/9.6/asm-analysis-9.6.jar:/Users/patrikmaly/.m2/repository/org/ow2/asm/asm/9.6/asm-9.6.jar:/Users/patrikmaly/.m2/repository/org/ow2/asm/asm-commons/9.6/asm-commons-9.6.jar:/Users/patrikmaly/.m2/repository/org/ow2/asm/asm-tree/9.6/asm-tree-9.6.jar:/Users/patrikmaly/.m2/repository/io/quarkus/quarkus-class-change-agent/3.6.3/quarkus-class-change-agent-3.6.3.jar:/Users/patrikmaly/.m2/repository/io/quarkus/quarkus-devtools-utilities/3.6.3/quarkus-devtools-utilities-3.6.3.jar:/Users/patrikmaly/.m2/repository/io/quarkus/quarkus-builder/3.6.3/quarkus-builder-3.6.3.jar:/Users/patrikmaly/.m2/repository/org/graalvm/sdk/graal-sdk/23.0.1/graal-sdk-23.0.1.jar:/Users/patrikmaly/.m2/repository/org/junit/platform/junit-platform-launcher/1.10.1/junit-platform-launcher-1.10.1.jar:/Users/patrikmaly/.m2/repository/io/quarkus/quarkus-bootstrap-maven-resolver/3.6.3/quarkus-bootstrap-maven-resolver-3.6.3.jar:/Users/patrikmaly/.m2/repository/io/smallrye/beanbag/smallrye-beanbag-maven/1.3.2/smallrye-beanbag-maven-1.3.2.jar:/Users/patrikmaly/.m2/repository/io/smallrye/beanbag/smallrye-beanbag-sisu/1.3.2/smallrye-beanbag-sisu-1.3.2.jar:/Users/patrikmaly/.m2/repository/io/smallrye/beanbag/smallrye-beanbag/1.3.2/smallrye-beanbag-1.3.2.jar:/Users/patrikmaly/.m2/repository/javax/inject/javax.inject/1/javax.inject-1.jar:/Users/patrikmaly/.m2/repository/org/apache/maven/maven-artifact/3.9.6/maven-artifact-3.9.6.jar:/Users/patrikmaly/.m2/repository/org/apache/maven/maven-builder-support/3.9.6/maven-builder-support-3.9.6.jar:/Users/patrikmaly/.m2/repository/org/apache/maven/maven-model/3.9.6/maven-model-3.9.6.jar:/Users/patrikmaly/.m2/repository/org/apache/maven/maven-model-builder/3.9.6/maven-model-builder-3.9.6.jar:/Users/patrikmaly/.m2/repository/org/apache/maven/maven-repository-metadata/3.9.6/maven-repository-metadata-3.9.6.jar:/Users/patrikmaly/.m2/repository/org/apache/maven/maven-settings/3.9.6/maven-settings-3.9.6.jar:/Users/patrikmaly/.m2/repository/org/apache/maven/resolver/maven-resolver-api/1.9.18/maven-resolver-api-1.9.18.jar:/Users/patrikmaly/.m2/repository/org/apache/maven/resolver/maven-resolver-impl/1.9.18/maven-resolver-impl-1.9.18.jar:/Users/patrikmaly/.m2/repository/org/apache/maven/resolver/maven-resolver-named-locks/1.9.18/maven-resolver-named-locks-1.9.18.jar:/Users/patrikmaly/.m2/repository/org/apache/maven/resolver/maven-resolver-spi/1.9.18/maven-resolver-spi-1.9.18.jar:/Users/patrikmaly/.m2/repository/org/apache/maven/resolver/maven-resolver-util/1.9.18/maven-resolver-util-1.9.18.jar:/Users/patrikmaly/.m2/repository/org/apache/maven/resolver/maven-resolver-transport-http/1.9.10/maven-resolver-transport-http-1.9.10.jar:/Users/patrikmaly/.m2/repository/org/apache/maven/wagon/wagon-provider-api/3.5.3/wagon-provider-api-3.5.3.jar:/Users/patrikmaly/.m2/repository/org/apache/maven/wagon/wagon-http-shared/3.5.3/wagon-http-shared-3.5.3.jar:/Users/patrikmaly/.m2/repository/org/codehaus/plexus/plexus-interpolation/1.26/plexus-interpolation-1.26.jar:/Users/patrikmaly/.m2/repository/org/codehaus/plexus/plexus-utils/3.5.1/plexus-utils-3.5.1.jar:/Users/patrikmaly/.m2/repository/org/codehaus/plexus/plexus-xml/4.0.0/plexus-xml-4.0.0.jar:/Users/patrikmaly/.m2/repository/org/apache/maven/maven-xml-impl/4.0.0-alpha-5/maven-xml-impl-4.0.0-alpha-5.jar:/Users/patrikmaly/.m2/repository/org/apache/maven/maven-api-xml/4.0.0-alpha-5/maven-api-xml-4.0.0-alpha-5.jar:/Users/patrikmaly/.m2/repository/org/apache/maven/maven-api-meta/4.0.0-alpha-5/maven-api-meta-4.0.0-alpha-5.jar:/Users/patrikmaly/.m2/repository/org/codehaus/plexus/plexus-cipher/2.0/plexus-cipher-2.0.jar:/Users/patrikmaly/.m2/repository/org/codehaus/plexus/plexus-sec-dispatcher/2.0/plexus-sec-dispatcher-2.0.jar:/Users/patrikmaly/.m2/repository/org/apache/maven/maven-embedder/3.9.6/maven-embedder-3.9.6.jar:/Users/patrikmaly/.m2/repository/org/apache/maven/maven-core/3.9.6/maven-core-3.9.6.jar:/Users/patrikmaly/.m2/repository/org/codehaus/plexus/plexus-component-annotations/2.1.0/plexus-component-annotations-2.1.0.jar:/Users/patrikmaly/.m2/repository/org/apache/maven/maven-plugin-api/3.9.6/maven-plugin-api-3.9.6.jar:/Users/patrikmaly/.m2/repository/org/apache/maven/shared/maven-shared-utils/3.3.4/maven-shared-utils-3.3.4.jar:/Users/patrikmaly/.m2/repository/com/google/inject/guice/5.1.0/guice-5.1.0.jar:/Users/patrikmaly/.m2/repository/aopalliance/aopalliance/1.0/aopalliance-1.0.jar:/Users/patrikmaly/.m2/repository/com/google/guava/guava/32.1.3-jre/guava-32.1.3-jre.jar:/Users/patrikmaly/.m2/repository/com/google/guava/failureaccess/1.0.1/failureaccess-1.0.1.jar:/Users/patrikmaly/.m2/repository/javax/annotation/javax.annotation-api/1.3.2/javax.annotation-api-1.3.2.jar:/Users/patrikmaly/.m2/repository/org/codehaus/plexus/plexus-classworlds/2.6.0/plexus-classworlds-2.6.0.jar:/Users/patrikmaly/.m2/repository/commons-cli/commons-cli/1.5.0/commons-cli-1.5.0.jar:/Users/patrikmaly/.m2/repository/org/eclipse/sisu/org.eclipse.sisu.plexus/0.9.0.M2/org.eclipse.sisu.plexus-0.9.0.M2.jar:/Users/patrikmaly/.m2/repository/org/apache/maven/maven-settings-builder/3.9.6/maven-settings-builder-3.9.6.jar:/Users/patrikmaly/.m2/repository/org/apache/maven/maven-resolver-provider/3.9.6/maven-resolver-provider-3.9.6.jar:/Users/patrikmaly/.m2/repository/org/apache/maven/resolver/maven-resolver-connector-basic/1.9.18/maven-resolver-connector-basic-1.9.18.jar:/Users/patrikmaly/.m2/repository/org/apache/maven/resolver/maven-resolver-transport-wagon/1.9.18/maven-resolver-transport-wagon-1.9.18.jar:/Users/patrikmaly/.m2/repository/org/apache/maven/wagon/wagon-http/3.5.3/wagon-http-3.5.3.jar:/Users/patrikmaly/.m2/repository/org/apache/maven/wagon/wagon-file/3.5.3/wagon-file-3.5.3.jar:/Users/patrikmaly/.m2/repository/io/quarkus/quarkus-bootstrap-gradle-resolver/3.6.3/quarkus-bootstrap-gradle-resolver-3.6.3.jar:/Users/patrikmaly/.m2/repository/io/smallrye/jandex/3.1.6/jandex-3.1.6.jar:/Users/patrikmaly/.m2/repository/commons-io/commons-io/2.15.1/commons-io-2.15.1.jar:/Users/patrikmaly/.m2/repository/org/jboss/logging/commons-logging-jboss-logging/1.0.0.Final/commons-logging-jboss-logging-1.0.0.Final.jar:/Users/patrikmaly/.m2/repository/io/quarkus/quarkus-junit5-properties/3.6.3/quarkus-junit5-properties-3.6.3.jar:/Users/patrikmaly/.m2/repository/org/junit/jupiter/junit-jupiter/5.10.1/junit-jupiter-5.10.1.jar:/Users/patrikmaly/.m2/repository/org/junit/jupiter/junit-jupiter-api/5.10.1/junit-jupiter-api-5.10.1.jar:/Users/patrikmaly/.m2/repository/org/opentest4j/opentest4j/1.3.0/opentest4j-1.3.0.jar:/Users/patrikmaly/.m2/repository/org/junit/platform/junit-platform-commons/1.10.1/junit-platform-commons-1.10.1.jar:/Users/patrikmaly/.m2/repository/org/apiguardian/apiguardian-api/1.1.2/apiguardian-api-1.1.2.jar:/Users/patrikmaly/.m2/repository/org/junit/jupiter/junit-jupiter-params/5.10.1/junit-jupiter-params-5.10.1.jar:/Users/patrikmaly/.m2/repository/org/junit/jupiter/junit-jupiter-engine/5.10.1/junit-jupiter-engine-5.10.1.jar:/Users/patrikmaly/.m2/repository/org/junit/platform/junit-platform-engine/1.10.1/junit-platform-engine-1.10.1.jar:/Users/patrikmaly/.m2/repository/com/thoughtworks/xstream/xstream/1.4.20/xstream-1.4.20.jar:/Users/patrikmaly/.m2/repository/io/github/x-stream/mxparser/1.2.2/mxparser-1.2.2.jar:/Users/patrikmaly/.m2/repository/xmlpull/xmlpull/1.1.3.1/xmlpull-1.1.3.1.jar:/Users/patrikmaly/.m2/repository/io/rest-assured/rest-assured/5.3.2/rest-assured-5.3.2.jar:/Users/patrikmaly/.m2/repository/org/apache/groovy/groovy/4.0.11/groovy-4.0.11.jar:/Users/patrikmaly/.m2/repository/org/apache/groovy/groovy-xml/4.0.11/groovy-xml-4.0.11.jar:/Users/patrikmaly/.m2/repository/org/apache/httpcomponents/httpclient/4.5.14/httpclient-4.5.14.jar:/Users/patrikmaly/.m2/repository/org/apache/httpcomponents/httpcore/4.4.16/httpcore-4.4.16.jar:/Users/patrikmaly/.m2/repository/commons-codec/commons-codec/1.16.0/commons-codec-1.16.0.jar:/Users/patrikmaly/.m2/repository/org/apache/httpcomponents/httpmime/4.5.14/httpmime-4.5.14.jar:/Users/patrikmaly/.m2/repository/org/hamcrest/hamcrest/2.2/hamcrest-2.2.jar:/Users/patrikmaly/.m2/repository/org/ccil/cowan/tagsoup/tagsoup/1.2.1/tagsoup-1.2.1.jar:/Users/patrikmaly/.m2/repository/io/rest-assured/json-path/5.3.2/json-path-5.3.2.jar:/Users/patrikmaly/.m2/repository/org/apache/groovy/groovy-json/4.0.11/groovy-json-4.0.11.jar:/Users/patrikmaly/.m2/repository/io/rest-assured/rest-assured-common/5.3.2/rest-assured-common-5.3.2.jar:/Users/patrikmaly/.m2/repository/io/rest-assured/xml-path/5.3.2/xml-path-5.3.2.jar:/Users/patrikmaly/.m2/repository/org/apache/commons/commons-lang3/3.13.0/commons-lang3-3.13.0.jar:"/>
    <property name="java.vm.vendor" value="Eclipse Adoptium"/>
    <property name="sun.arch.data.model" value="64"/>
    <property name="java.vendor.url" value="https://adoptium.net/"/>
    <property name="user.timezone" value="Europe/Bratislava"/>
    <property name="logging.initial-configurator.min-level" value="500"/>
    <property name="java.vm.specification.version" value="21"/>
    <property name="os.name" value="Mac OS X"/>
    <property name="sun.java.launcher" value="SUN_STANDARD"/>
    <property name="user.country" value="SK"/>
    <property name="groovy.use.classvalue" value="false"/>
    <property name="sun.boot.library.path" value="/Users/patrikmaly/.sdkman/candidates/java/21-tem/lib"/>
    <property name="sun.java.command" value="/Users/patrikmaly/development/quarkus-lambda-tutorial/target/surefire/surefirebooter-20231220094011466_3.jar /Users/patrikmaly/development/quarkus-lambda-tutorial/target/surefire 2023-12-20T09-40-11_358-jvmRun1 surefire-20231220094011466_1tmp surefire_0-20231220094011466_2tmp"/>
    <property name="http.nonProxyHosts" value="local|*.local|169.254/16|*.169.254/16"/>
    <property name="jdk.debug" value="release"/>
    <property name="maven.home" value="/Applications/IntelliJ IDEA.app/Contents/plugins/maven/lib/maven3"/>
    <property name="surefire.test.class.path" value="/Users/patrikmaly/development/quarkus-lambda-tutorial/target/test-classes:/Users/patrikmaly/development/quarkus-lambda-tutorial/target/classes:/Users/patrikmaly/.m2/repository/io/quarkus/quarkus-resteasy/3.6.3/quarkus-resteasy-3.6.3.jar:/Users/patrikmaly/.m2/repository/io/quarkus/quarkus-vertx-http/3.6.3/quarkus-vertx-http-3.6.3.jar:/Users/patrikmaly/.m2/repository/io/quarkus/quarkus-security-runtime-spi/3.6.3/quarkus-security-runtime-spi-3.6.3.jar:/Users/patrikmaly/.m2/repository/io/quarkus/quarkus-credentials/3.6.3/quarkus-credentials-3.6.3.jar:/Users/patrikmaly/.m2/repository/io/quarkus/arc/arc/3.6.3/arc-3.6.3.jar:/Users/patrikmaly/.m2/repository/jakarta/transaction/jakarta.transaction-api/2.0.1/jakarta.transaction-api-2.0.1.jar:/Users/patrikmaly/.m2/repository/io/quarkus/quarkus-mutiny/3.6.3/quarkus-mutiny-3.6.3.jar:/Users/patrikmaly/.m2/repository/io/smallrye/reactive/mutiny/2.5.1/mutiny-2.5.1.jar:/Users/patrikmaly/.m2/repository/io/quarkus/quarkus-smallrye-context-propagation/3.6.3/quarkus-smallrye-context-propagation-3.6.3.jar:/Users/patrikmaly/.m2/repository/io/smallrye/smallrye-context-propagation/2.1.0/smallrye-context-propagation-2.1.0.jar:/Users/patrikmaly/.m2/repository/io/smallrye/smallrye-context-propagation-api/2.1.0/smallrye-context-propagation-api-2.1.0.jar:/Users/patrikmaly/.m2/repository/io/smallrye/smallrye-context-propagation-storage/2.1.0/smallrye-context-propagation-storage-2.1.0.jar:/Users/patrikmaly/.m2/repository/io/smallrye/reactive/mutiny-smallrye-context-propagation/2.5.1/mutiny-smallrye-context-propagation-2.5.1.jar:/Users/patrikmaly/.m2/repository/io/smallrye/common/smallrye-common-vertx-context/2.1.2/smallrye-common-vertx-context-2.1.2.jar:/Users/patrikmaly/.m2/repository/io/vertx/vertx-core/4.4.6/vertx-core-4.4.6.jar:/Users/patrikmaly/.m2/repository/io/netty/netty-common/4.1.100.Final/netty-common-4.1.100.Final.jar:/Users/patrikmaly/.m2/repository/io/netty/netty-buffer/4.1.100.Final/netty-buffer-4.1.100.Final.jar:/Users/patrikmaly/.m2/repository/io/netty/netty-transport/4.1.100.Final/netty-transport-4.1.100.Final.jar:/Users/patrikmaly/.m2/repository/io/netty/netty-handler/4.1.100.Final/netty-handler-4.1.100.Final.jar:/Users/patrikmaly/.m2/repository/io/netty/netty-transport-native-unix-common/4.1.100.Final/netty-transport-native-unix-common-4.1.100.Final.jar:/Users/patrikmaly/.m2/repository/io/netty/netty-handler-proxy/4.1.100.Final/netty-handler-proxy-4.1.100.Final.jar:/Users/patrikmaly/.m2/repository/io/netty/netty-codec-socks/4.1.100.Final/netty-codec-socks-4.1.100.Final.jar:/Users/patrikmaly/.m2/repository/io/netty/netty-codec-http/4.1.100.Final/netty-codec-http-4.1.100.Final.jar:/Users/patrikmaly/.m2/repository/io/netty/netty-codec-http2/4.1.100.Final/netty-codec-http2-4.1.100.Final.jar:/Users/patrikmaly/.m2/repository/io/netty/netty-resolver/4.1.100.Final/netty-resolver-4.1.100.Final.jar:/Users/patrikmaly/.m2/repository/io/netty/netty-resolver-dns/4.1.100.Final/netty-resolver-dns-4.1.100.Final.jar:/Users/patrikmaly/.m2/repository/io/netty/netty-codec-dns/4.1.100.Final/netty-codec-dns-4.1.100.Final.jar:/Users/patrikmaly/.m2/repository/com/fasterxml/jackson/core/jackson-core/2.15.3/jackson-core-2.15.3.jar:/Users/patrikmaly/.m2/repository/io/smallrye/common/smallrye-common-constraint/2.1.2/smallrye-common-constraint-2.1.2.jar:/Users/patrikmaly/.m2/repository/io/quarkus/security/quarkus-security/2.0.2.Final/quarkus-security-2.0.2.Final.jar:/Users/patrikmaly/.m2/repository/io/quarkus/quarkus-vertx/3.6.3/quarkus-vertx-3.6.3.jar:/Users/patrikmaly/.m2/repository/io/quarkus/quarkus-netty/3.6.3/quarkus-netty-3.6.3.jar:/Users/patrikmaly/.m2/repository/io/netty/netty-codec/4.1.100.Final/netty-codec-4.1.100.Final.jar:/Users/patrikmaly/.m2/repository/com/aayushatharva/brotli4j/brotli4j/1.12.0/brotli4j-1.12.0.jar:/Users/patrikmaly/.m2/repository/com/aayushatharva/brotli4j/service/1.12.0/service-1.12.0.jar:/Users/patrikmaly/.m2/repository/com/aayushatharva/brotli4j/native-osx-aarch64/1.12.0/native-osx-aarch64-1.12.0.jar:/Users/patrikmaly/.m2/repository/io/netty/netty-codec-haproxy/4.1.100.Final/netty-codec-haproxy-4.1.100.Final.jar:/Users/patrikmaly/.m2/repository/io/smallrye/common/smallrye-common-annotation/2.1.2/smallrye-common-annotation-2.1.2.jar:/Users/patrikmaly/.m2/repository/io/quarkus/quarkus-virtual-threads/3.6.3/quarkus-virtual-threads-3.6.3.jar:/Users/patrikmaly/.m2/repository/io/quarkus/quarkus-vertx-latebound-mdc-provider/3.6.3/quarkus-vertx-latebound-mdc-provider-3.6.3.jar:/Users/patrikmaly/.m2/repository/io/smallrye/reactive/smallrye-mutiny-vertx-core/3.7.2/smallrye-mutiny-vertx-core-3.7.2.jar:/Users/patrikmaly/.m2/repository/io/smallrye/reactive/smallrye-mutiny-vertx-runtime/3.7.2/smallrye-mutiny-vertx-runtime-3.7.2.jar:/Users/patrikmaly/.m2/repository/io/smallrye/reactive/vertx-mutiny-generator/3.7.2/vertx-mutiny-generator-3.7.2.jar:/Users/patrikmaly/.m2/repository/io/vertx/vertx-codegen/4.4.6/vertx-codegen-4.4.6.jar:/Users/patrikmaly/.m2/repository/io/smallrye/smallrye-fault-tolerance-vertx/6.2.6/smallrye-fault-tolerance-vertx-6.2.6.jar:/Users/patrikmaly/.m2/repository/io/smallrye/reactive/smallrye-mutiny-vertx-web/3.7.2/smallrye-mutiny-vertx-web-3.7.2.jar:/Users/patrikmaly/.m2/repository/io/smallrye/reactive/smallrye-mutiny-vertx-web-common/3.7.2/smallrye-mutiny-vertx-web-common-3.7.2.jar:/Users/patrikmaly/.m2/repository/io/smallrye/reactive/smallrye-mutiny-vertx-auth-common/3.7.2/smallrye-mutiny-vertx-auth-common-3.7.2.jar:/Users/patrikmaly/.m2/repository/io/smallrye/reactive/smallrye-mutiny-vertx-bridge-common/3.7.2/smallrye-mutiny-vertx-bridge-common-3.7.2.jar:/Users/patrikmaly/.m2/repository/io/smallrye/reactive/smallrye-mutiny-vertx-uri-template/3.7.2/smallrye-mutiny-vertx-uri-template-3.7.2.jar:/Users/patrikmaly/.m2/repository/io/vertx/vertx-uri-template/4.4.6/vertx-uri-template-4.4.6.jar:/Users/patrikmaly/.m2/repository/io/vertx/vertx-web/4.4.6/vertx-web-4.4.6.jar:/Users/patrikmaly/.m2/repository/io/vertx/vertx-web-common/4.4.6/vertx-web-common-4.4.6.jar:/Users/patrikmaly/.m2/repository/io/vertx/vertx-auth-common/4.4.6/vertx-auth-common-4.4.6.jar:/Users/patrikmaly/.m2/repository/io/vertx/vertx-bridge-common/4.4.6/vertx-bridge-common-4.4.6.jar:/Users/patrikmaly/.m2/repository/io/github/crac/org-crac/0.1.3/org-crac-0.1.3.jar:/Users/patrikmaly/.m2/repository/io/quarkus/quarkus-resteasy-server-common/3.6.3/quarkus-resteasy-server-common-3.6.3.jar:/Users/patrikmaly/.m2/repository/io/quarkus/quarkus-arc/3.6.3/quarkus-arc-3.6.3.jar:/Users/patrikmaly/.m2/repository/org/eclipse/microprofile/context-propagation/microprofile-context-propagation-api/1.3/microprofile-context-propagation-api-1.3.jar:/Users/patrikmaly/.m2/repository/io/quarkus/quarkus-resteasy-common/3.6.3/quarkus-resteasy-common-3.6.3.jar:/Users/patrikmaly/.m2/repository/org/jboss/resteasy/resteasy-core/6.2.6.Final/resteasy-core-6.2.6.Final.jar:/Users/patrikmaly/.m2/repository/jakarta/xml/bind/jakarta.xml.bind-api/4.0.1/jakarta.xml.bind-api-4.0.1.jar:/Users/patrikmaly/.m2/repository/org/reactivestreams/reactive-streams/1.0.4/reactive-streams-1.0.4.jar:/Users/patrikmaly/.m2/repository/com/ibm/async/asyncutil/0.1.0/asyncutil-0.1.0.jar:/Users/patrikmaly/.m2/repository/org/eclipse/angus/angus-activation/2.0.1/angus-activation-2.0.1.jar:/Users/patrikmaly/.m2/repository/jakarta/activation/jakarta.activation-api/2.1.2/jakarta.activation-api-2.1.2.jar:/Users/patrikmaly/.m2/repository/jakarta/ws/rs/jakarta.ws.rs-api/3.1.0/jakarta.ws.rs-api-3.1.0.jar:/Users/patrikmaly/.m2/repository/org/jboss/resteasy/microprofile/microprofile-config/2.1.4.Final/microprofile-config-2.1.4.Final.jar:/Users/patrikmaly/.m2/repository/jakarta/servlet/jakarta.servlet-api/6.0.0/jakarta.servlet-api-6.0.0.jar:/Users/patrikmaly/.m2/repository/org/eclipse/microprofile/config/microprofile-config-api/3.0.3/microprofile-config-api-3.0.3.jar:/Users/patrikmaly/.m2/repository/org/jboss/resteasy/resteasy-cdi/6.2.6.Final/resteasy-cdi-6.2.6.Final.jar:/Users/patrikmaly/.m2/repository/org/jboss/resteasy/resteasy-core-spi/6.2.6.Final/resteasy-core-spi-6.2.6.Final.jar:/Users/patrikmaly/.m2/repository/jakarta/validation/jakarta.validation-api/3.0.2/jakarta.validation-api-3.0.2.jar:/Users/patrikmaly/.m2/repository/io/quarkus/quarkus-amazon-lambda-rest/3.6.3/quarkus-amazon-lambda-rest-3.6.3.jar:/Users/patrikmaly/.m2/repository/io/quarkus/quarkus-security/3.6.3/quarkus-security-3.6.3.jar:/Users/patrikmaly/.m2/repository/jakarta/interceptor/jakarta.interceptor-api/2.1.0/jakarta.interceptor-api-2.1.0.jar:/Users/patrikmaly/.m2/repository/jakarta/enterprise/jakarta.enterprise.cdi-api/4.0.1/jakarta.enterprise.cdi-api-4.0.1.jar:/Users/patrikmaly/.m2/repository/jakarta/enterprise/jakarta.enterprise.lang-model/4.0.1/jakarta.enterprise.lang-model-4.0.1.jar:/Users/patrikmaly/.m2/repository/jakarta/el/jakarta.el-api/5.0.1/jakarta.el-api-5.0.1.jar:/Users/patrikmaly/.m2/repository/io/quarkus/quarkus-amazon-lambda/3.6.3/quarkus-amazon-lambda-3.6.3.jar:/Users/patrikmaly/.m2/repository/io/quarkus/quarkus-amazon-lambda-common/3.6.3/quarkus-amazon-lambda-common-3.6.3.jar:/Users/patrikmaly/.m2/repository/com/amazonaws/aws-lambda-java-core/1.2.3/aws-lambda-java-core-1.2.3.jar:/Users/patrikmaly/.m2/repository/com/amazonaws/aws-lambda-java-events/3.11.3/aws-lambda-java-events-3.11.3.jar:/Users/patrikmaly/.m2/repository/io/quarkus/quarkus-jackson/3.6.3/quarkus-jackson-3.6.3.jar:/Users/patrikmaly/.m2/repository/com/fasterxml/jackson/core/jackson-databind/2.15.3/jackson-databind-2.15.3.jar:/Users/patrikmaly/.m2/repository/com/fasterxml/jackson/datatype/jackson-datatype-jsr310/2.15.3/jackson-datatype-jsr310-2.15.3.jar:/Users/patrikmaly/.m2/repository/com/fasterxml/jackson/datatype/jackson-datatype-jdk8/2.15.3/jackson-datatype-jdk8-2.15.3.jar:/Users/patrikmaly/.m2/repository/com/fasterxml/jackson/module/jackson-module-parameter-names/2.15.3/jackson-module-parameter-names-2.15.3.jar:/Users/patrikmaly/.m2/repository/com/fasterxml/jackson/datatype/jackson-datatype-joda/2.15.3/jackson-datatype-joda-2.15.3.jar:/Users/patrikmaly/.m2/repository/com/fasterxml/jackson/core/jackson-annotations/2.15.3/jackson-annotations-2.15.3.jar:/Users/patrikmaly/.m2/repository/joda-time/joda-time/2.10.14/joda-time-2.10.14.jar:/Users/patrikmaly/.m2/repository/io/quarkus/quarkus-core/3.6.3/quarkus-core-3.6.3.jar:/Users/patrikmaly/.m2/repository/jakarta/annotation/jakarta.annotation-api/2.1.1/jakarta.annotation-api-2.1.1.jar:/Users/patrikmaly/.m2/repository/jakarta/inject/jakarta.inject-api/2.0.1/jakarta.inject-api-2.0.1.jar:/Users/patrikmaly/.m2/repository/io/smallrye/common/smallrye-common-os/2.1.2/smallrye-common-os-2.1.2.jar:/Users/patrikmaly/.m2/repository/io/quarkus/quarkus-ide-launcher/3.6.3/quarkus-ide-launcher-3.6.3.jar:/Users/patrikmaly/.m2/repository/io/quarkus/quarkus-development-mode-spi/3.6.3/quarkus-development-mode-spi-3.6.3.jar:/Users/patrikmaly/.m2/repository/io/smallrye/config/smallrye-config/3.4.4/smallrye-config-3.4.4.jar:/Users/patrikmaly/.m2/repository/io/smallrye/config/smallrye-config-core/3.4.4/smallrye-config-core-3.4.4.jar:/Users/patrikmaly/.m2/repository/io/smallrye/common/smallrye-common-classloader/2.1.2/smallrye-common-classloader-2.1.2.jar:/Users/patrikmaly/.m2/repository/io/smallrye/config/smallrye-config-common/3.4.4/smallrye-config-common-3.4.4.jar:/Users/patrikmaly/.m2/repository/org/jboss/logging/jboss-logging/3.5.3.Final/jboss-logging-3.5.3.Final.jar:/Users/patrikmaly/.m2/repository/org/jboss/logmanager/jboss-logmanager/3.0.2.Final/jboss-logmanager-3.0.2.Final.jar:/Users/patrikmaly/.m2/repository/io/smallrye/common/smallrye-common-cpu/2.1.2/smallrye-common-cpu-2.1.2.jar:/Users/patrikmaly/.m2/repository/io/smallrye/common/smallrye-common-expression/2.1.2/smallrye-common-expression-2.1.2.jar:/Users/patrikmaly/.m2/repository/io/smallrye/common/smallrye-common-function/2.1.2/smallrye-common-function-2.1.2.jar:/Users/patrikmaly/.m2/repository/io/smallrye/common/smallrye-common-net/2.1.2/smallrye-common-net-2.1.2.jar:/Users/patrikmaly/.m2/repository/io/smallrye/common/smallrye-common-ref/2.1.2/smallrye-common-ref-2.1.2.jar:/Users/patrikmaly/.m2/repository/jakarta/json/jakarta.json-api/2.1.3/jakarta.json-api-2.1.3.jar:/Users/patrikmaly/.m2/repository/org/eclipse/parsson/parsson/1.1.5/parsson-1.1.5.jar:/Users/patrikmaly/.m2/repository/org/jboss/logging/jboss-logging-annotations/2.2.1.Final/jboss-logging-annotations-2.2.1.Final.jar:/Users/patrikmaly/.m2/repository/org/jboss/threads/jboss-threads/3.5.1.Final/jboss-threads-3.5.1.Final.jar:/Users/patrikmaly/.m2/repository/org/slf4j/slf4j-api/2.0.6/slf4j-api-2.0.6.jar:/Users/patrikmaly/.m2/repository/org/jboss/slf4j/slf4j-jboss-logmanager/2.0.0.Final/slf4j-jboss-logmanager-2.0.0.Final.jar:/Users/patrikmaly/.m2/repository/org/wildfly/common/wildfly-common/1.7.0.Final/wildfly-common-1.7.0.Final.jar:/Users/patrikmaly/.m2/repository/io/quarkus/quarkus-bootstrap-runner/3.6.3/quarkus-bootstrap-runner-3.6.3.jar:/Users/patrikmaly/.m2/repository/io/quarkus/quarkus-fs-util/0.0.9/quarkus-fs-util-0.0.9.jar:/Users/patrikmaly/.m2/repository/org/eclipse/microprofile/jwt/microprofile-jwt-auth-api/2.1/microprofile-jwt-auth-api-2.1.jar:/Users/patrikmaly/.m2/repository/io/quarkus/quarkus-junit5/3.6.3/quarkus-junit5-3.6.3.jar:/Users/patrikmaly/.m2/repository/io/quarkus/quarkus-bootstrap-core/3.6.3/quarkus-bootstrap-core-3.6.3.jar:/Users/patrikmaly/.m2/repository/io/quarkus/quarkus-bootstrap-app-model/3.6.3/quarkus-bootstrap-app-model-3.6.3.jar:/Users/patrikmaly/.m2/repository/io/smallrye/common/smallrye-common-io/2.1.2/smallrye-common-io-2.1.2.jar:/Users/patrikmaly/.m2/repository/org/eclipse/sisu/org.eclipse.sisu.inject/0.9.0.M2/org.eclipse.sisu.inject-0.9.0.M2.jar:/Users/patrikmaly/.m2/repository/io/quarkus/quarkus-test-common/3.6.3/quarkus-test-common-3.6.3.jar:/Users/patrikmaly/.m2/repository/io/quarkus/quarkus-core-deployment/3.6.3/quarkus-core-deployment-3.6.3.jar:/Users/patrikmaly/.m2/repository/org/aesh/readline/2.4/readline-2.4.jar:/Users/patrikmaly/.m2/repository/org/fusesource/jansi/jansi/2.4.0/jansi-2.4.0.jar:/Users/patrikmaly/.m2/repository/org/aesh/aesh/2.7/aesh-2.7.jar:/Users/patrikmaly/.m2/repository/io/quarkus/gizmo/gizmo/1.7.0/gizmo-1.7.0.jar:/Users/patrikmaly/.m2/repository/org/ow2/asm/asm-util/9.6/asm-util-9.6.jar:/Users/patrikmaly/.m2/repository/org/ow2/asm/asm-analysis/9.6/asm-analysis-9.6.jar:/Users/patrikmaly/.m2/repository/org/ow2/asm/asm/9.6/asm-9.6.jar:/Users/patrikmaly/.m2/repository/org/ow2/asm/asm-commons/9.6/asm-commons-9.6.jar:/Users/patrikmaly/.m2/repository/org/ow2/asm/asm-tree/9.6/asm-tree-9.6.jar:/Users/patrikmaly/.m2/repository/io/quarkus/quarkus-class-change-agent/3.6.3/quarkus-class-change-agent-3.6.3.jar:/Users/patrikmaly/.m2/repository/io/quarkus/quarkus-devtools-utilities/3.6.3/quarkus-devtools-utilities-3.6.3.jar:/Users/patrikmaly/.m2/repository/io/quarkus/quarkus-builder/3.6.3/quarkus-builder-3.6.3.jar:/Users/patrikmaly/.m2/repository/org/graalvm/sdk/graal-sdk/23.0.1/graal-sdk-23.0.1.jar:/Users/patrikmaly/.m2/repository/org/junit/platform/junit-platform-launcher/1.10.1/junit-platform-launcher-1.10.1.jar:/Users/patrikmaly/.m2/repository/io/quarkus/quarkus-bootstrap-maven-resolver/3.6.3/quarkus-bootstrap-maven-resolver-3.6.3.jar:/Users/patrikmaly/.m2/repository/io/smallrye/beanbag/smallrye-beanbag-maven/1.3.2/smallrye-beanbag-maven-1.3.2.jar:/Users/patrikmaly/.m2/repository/io/smallrye/beanbag/smallrye-beanbag-sisu/1.3.2/smallrye-beanbag-sisu-1.3.2.jar:/Users/patrikmaly/.m2/repository/io/smallrye/beanbag/smallrye-beanbag/1.3.2/smallrye-beanbag-1.3.2.jar:/Users/patrikmaly/.m2/repository/javax/inject/javax.inject/1/javax.inject-1.jar:/Users/patrikmaly/.m2/repository/org/apache/maven/maven-artifact/3.9.6/maven-artifact-3.9.6.jar:/Users/patrikmaly/.m2/repository/org/apache/maven/maven-builder-support/3.9.6/maven-builder-support-3.9.6.jar:/Users/patrikmaly/.m2/repository/org/apache/maven/maven-model/3.9.6/maven-model-3.9.6.jar:/Users/patrikmaly/.m2/repository/org/apache/maven/maven-model-builder/3.9.6/maven-model-builder-3.9.6.jar:/Users/patrikmaly/.m2/repository/org/apache/maven/maven-repository-metadata/3.9.6/maven-repository-metadata-3.9.6.jar:/Users/patrikmaly/.m2/repository/org/apache/maven/maven-settings/3.9.6/maven-settings-3.9.6.jar:/Users/patrikmaly/.m2/repository/org/apache/maven/resolver/maven-resolver-api/1.9.18/maven-resolver-api-1.9.18.jar:/Users/patrikmaly/.m2/repository/org/apache/maven/resolver/maven-resolver-impl/1.9.18/maven-resolver-impl-1.9.18.jar:/Users/patrikmaly/.m2/repository/org/apache/maven/resolver/maven-resolver-named-locks/1.9.18/maven-resolver-named-locks-1.9.18.jar:/Users/patrikmaly/.m2/repository/org/apache/maven/resolver/maven-resolver-spi/1.9.18/maven-resolver-spi-1.9.18.jar:/Users/patrikmaly/.m2/repository/org/apache/maven/resolver/maven-resolver-util/1.9.18/maven-resolver-util-1.9.18.jar:/Users/patrikmaly/.m2/repository/org/apache/maven/resolver/maven-resolver-transport-http/1.9.10/maven-resolver-transport-http-1.9.10.jar:/Users/patrikmaly/.m2/repository/org/apache/maven/wagon/wagon-provider-api/3.5.3/wagon-provider-api-3.5.3.jar:/Users/patrikmaly/.m2/repository/org/apache/maven/wagon/wagon-http-shared/3.5.3/wagon-http-shared-3.5.3.jar:/Users/patrikmaly/.m2/repository/org/codehaus/plexus/plexus-interpolation/1.26/plexus-interpolation-1.26.jar:/Users/patrikmaly/.m2/repository/org/codehaus/plexus/plexus-utils/3.5.1/plexus-utils-3.5.1.jar:/Users/patrikmaly/.m2/repository/org/codehaus/plexus/plexus-xml/4.0.0/plexus-xml-4.0.0.jar:/Users/patrikmaly/.m2/repository/org/apache/maven/maven-xml-impl/4.0.0-alpha-5/maven-xml-impl-4.0.0-alpha-5.jar:/Users/patrikmaly/.m2/repository/org/apache/maven/maven-api-xml/4.0.0-alpha-5/maven-api-xml-4.0.0-alpha-5.jar:/Users/patrikmaly/.m2/repository/org/apache/maven/maven-api-meta/4.0.0-alpha-5/maven-api-meta-4.0.0-alpha-5.jar:/Users/patrikmaly/.m2/repository/org/codehaus/plexus/plexus-cipher/2.0/plexus-cipher-2.0.jar:/Users/patrikmaly/.m2/repository/org/codehaus/plexus/plexus-sec-dispatcher/2.0/plexus-sec-dispatcher-2.0.jar:/Users/patrikmaly/.m2/repository/org/apache/maven/maven-embedder/3.9.6/maven-embedder-3.9.6.jar:/Users/patrikmaly/.m2/repository/org/apache/maven/maven-core/3.9.6/maven-core-3.9.6.jar:/Users/patrikmaly/.m2/repository/org/codehaus/plexus/plexus-component-annotations/2.1.0/plexus-component-annotations-2.1.0.jar:/Users/patrikmaly/.m2/repository/org/apache/maven/maven-plugin-api/3.9.6/maven-plugin-api-3.9.6.jar:/Users/patrikmaly/.m2/repository/org/apache/maven/shared/maven-shared-utils/3.3.4/maven-shared-utils-3.3.4.jar:/Users/patrikmaly/.m2/repository/com/google/inject/guice/5.1.0/guice-5.1.0.jar:/Users/patrikmaly/.m2/repository/aopalliance/aopalliance/1.0/aopalliance-1.0.jar:/Users/patrikmaly/.m2/repository/com/google/guava/guava/32.1.3-jre/guava-32.1.3-jre.jar:/Users/patrikmaly/.m2/repository/com/google/guava/failureaccess/1.0.1/failureaccess-1.0.1.jar:/Users/patrikmaly/.m2/repository/javax/annotation/javax.annotation-api/1.3.2/javax.annotation-api-1.3.2.jar:/Users/patrikmaly/.m2/repository/org/codehaus/plexus/plexus-classworlds/2.6.0/plexus-classworlds-2.6.0.jar:/Users/patrikmaly/.m2/repository/commons-cli/commons-cli/1.5.0/commons-cli-1.5.0.jar:/Users/patrikmaly/.m2/repository/org/eclipse/sisu/org.eclipse.sisu.plexus/0.9.0.M2/org.eclipse.sisu.plexus-0.9.0.M2.jar:/Users/patrikmaly/.m2/repository/org/apache/maven/maven-settings-builder/3.9.6/maven-settings-builder-3.9.6.jar:/Users/patrikmaly/.m2/repository/org/apache/maven/maven-resolver-provider/3.9.6/maven-resolver-provider-3.9.6.jar:/Users/patrikmaly/.m2/repository/org/apache/maven/resolver/maven-resolver-connector-basic/1.9.18/maven-resolver-connector-basic-1.9.18.jar:/Users/patrikmaly/.m2/repository/org/apache/maven/resolver/maven-resolver-transport-wagon/1.9.18/maven-resolver-transport-wagon-1.9.18.jar:/Users/patrikmaly/.m2/repository/org/apache/maven/wagon/wagon-http/3.5.3/wagon-http-3.5.3.jar:/Users/patrikmaly/.m2/repository/org/apache/maven/wagon/wagon-file/3.5.3/wagon-file-3.5.3.jar:/Users/patrikmaly/.m2/repository/io/quarkus/quarkus-bootstrap-gradle-resolver/3.6.3/quarkus-bootstrap-gradle-resolver-3.6.3.jar:/Users/patrikmaly/.m2/repository/io/smallrye/jandex/3.1.6/jandex-3.1.6.jar:/Users/patrikmaly/.m2/repository/commons-io/commons-io/2.15.1/commons-io-2.15.1.jar:/Users/patrikmaly/.m2/repository/org/jboss/logging/commons-logging-jboss-logging/1.0.0.Final/commons-logging-jboss-logging-1.0.0.Final.jar:/Users/patrikmaly/.m2/repository/io/quarkus/quarkus-junit5-properties/3.6.3/quarkus-junit5-properties-3.6.3.jar:/Users/patrikmaly/.m2/repository/org/junit/jupiter/junit-jupiter/5.10.1/junit-jupiter-5.10.1.jar:/Users/patrikmaly/.m2/repository/org/junit/jupiter/junit-jupiter-api/5.10.1/junit-jupiter-api-5.10.1.jar:/Users/patrikmaly/.m2/repository/org/opentest4j/opentest4j/1.3.0/opentest4j-1.3.0.jar:/Users/patrikmaly/.m2/repository/org/junit/platform/junit-platform-commons/1.10.1/junit-platform-commons-1.10.1.jar:/Users/patrikmaly/.m2/repository/org/apiguardian/apiguardian-api/1.1.2/apiguardian-api-1.1.2.jar:/Users/patrikmaly/.m2/repository/org/junit/jupiter/junit-jupiter-params/5.10.1/junit-jupiter-params-5.10.1.jar:/Users/patrikmaly/.m2/repository/org/junit/jupiter/junit-jupiter-engine/5.10.1/junit-jupiter-engine-5.10.1.jar:/Users/patrikmaly/.m2/repository/org/junit/platform/junit-platform-engine/1.10.1/junit-platform-engine-1.10.1.jar:/Users/patrikmaly/.m2/repository/com/thoughtworks/xstream/xstream/1.4.20/xstream-1.4.20.jar:/Users/patrikmaly/.m2/repository/io/github/x-stream/mxparser/1.2.2/mxparser-1.2.2.jar:/Users/patrikmaly/.m2/repository/xmlpull/xmlpull/1.1.3.1/xmlpull-1.1.3.1.jar:/Users/patrikmaly/.m2/repository/io/rest-assured/rest-assured/5.3.2/rest-assured-5.3.2.jar:/Users/patrikmaly/.m2/repository/org/apache/groovy/groovy/4.0.11/groovy-4.0.11.jar:/Users/patrikmaly/.m2/repository/org/apache/groovy/groovy-xml/4.0.11/groovy-xml-4.0.11.jar:/Users/patrikmaly/.m2/repository/org/apache/httpcomponents/httpclient/4.5.14/httpclient-4.5.14.jar:/Users/patrikmaly/.m2/repository/org/apache/httpcomponents/httpcore/4.4.16/httpcore-4.4.16.jar:/Users/patrikmaly/.m2/repository/commons-codec/commons-codec/1.16.0/commons-codec-1.16.0.jar:/Users/patrikmaly/.m2/repository/org/apache/httpcomponents/httpmime/4.5.14/httpmime-4.5.14.jar:/Users/patrikmaly/.m2/repository/org/hamcrest/hamcrest/2.2/hamcrest-2.2.jar:/Users/patrikmaly/.m2/repository/org/ccil/cowan/tagsoup/tagsoup/1.2.1/tagsoup-1.2.1.jar:/Users/patrikmaly/.m2/repository/io/rest-assured/json-path/5.3.2/json-path-5.3.2.jar:/Users/patrikmaly/.m2/repository/org/apache/groovy/groovy-json/4.0.11/groovy-json-4.0.11.jar:/Users/patrikmaly/.m2/repository/io/rest-assured/rest-assured-common/5.3.2/rest-assured-common-5.3.2.jar:/Users/patrikmaly/.m2/repository/io/rest-assured/xml-path/5.3.2/xml-path-5.3.2.jar:/Users/patrikmaly/.m2/repository/org/apache/commons/commons-lang3/3.13.0/commons-lang3-3.13.0.jar:"/>
    <property name="sun.cpu.endian" value="little"/>
    <property name="vertx.disableWebsockets" value="true"/>
    <property name="user.home" value="/Users/patrikmaly"/>
    <property name="user.language" value="sk"/>
    <property name="jboss.log-version" value="false"/>
    <property name="java.specification.vendor" value="Oracle Corporation"/>
    <property name="io.netty.allocator.maxOrder" value="3"/>
    <property name="java.version.date" value="2023-09-19"/>
    <property name="java.home" value="/Users/patrikmaly/.sdkman/candidates/java/21-tem"/>
    <property name="file.separator" value="/"/>
    <property name="basedir" value="/Users/patrikmaly/development/quarkus-lambda-tutorial"/>
    <property name="java.vm.compressedOopsMode" value="Zero based"/>
    <property name="line.separator" value="&#10;"/>
    <property name="java.vm.specification.vendor" value="Oracle Corporation"/>
    <property name="java.specification.name" value="Java Platform API Specification"/>
    <property name="apple.awt.application.name" value="ForkedBooter"/>
    <property name="surefire.real.class.path" value="/Users/patrikmaly/development/quarkus-lambda-tutorial/target/surefire/surefirebooter-20231220094011466_3.jar"/>
    <property name="sun.management.compiler" value="HotSpot 64-Bit Tiered Compilers"/>
    <property name="ftp.nonProxyHosts" value="local|*.local|169.254/16|*.169.254/16"/>
    <property name="java.runtime.version" value="21+35-LTS"/>
    <property name="user.name" value="patrikmaly"/>
    <property name="stdout.encoding" value="UTF-8"/>
    <property name="dev.resteasy.exception.mapper" value="false"/>
    <property name="path.separator" value=":"/>
    <property name="os.version" value="14.1.1"/>
    <property name="java.runtime.name" value="OpenJDK Runtime Environment"/>
    <property name="file.encoding" value="UTF-8"/>
    <property name="java.vm.name" value="OpenJDK 64-Bit Server VM"/>
    <property name="java.vendor.version" value="Temurin-21+35"/>
    <property name="localRepository" value="/Users/patrikmaly/.m2/repository"/>
    <property name="java.vendor.url.bug" value="https://github.com/adoptium/adoptium-support/issues"/>
    <property name="java.io.tmpdir" value="/var/folders/sl/fslphjp56lz5ypn44ydgp81w0000gn/T/"/>
    <property name="quarkus.log.file.path" value="target/quarkus.log"/>
    <property name="idea.version" value="2023.2.5"/>
    <property name="java.version" value="21"/>
    <property name="java.util.concurrent.ForkJoinPool.common.threadFactory" value="io.quarkus.bootstrap.forkjoin.QuarkusForkJoinWorkerThreadFactory"/>
    <property name="user.dir" value="/Users/patrikmaly/development/quarkus-lambda-tutorial"/>
    <property name="os.arch" value="aarch64"/>
    <property name="java.vm.specification.name" value="Java Virtual Machine Specification"/>
    <property name="vertx.disableDnsResolver" value="true"/>
    <property name="com.amazonaws.xray.traceHeader" value="5b85c150-7301-4af4-b965-83a84bf156a2"/>
    <property name="native.encoding" value="UTF-8"/>
    <property name="java.util.logging.manager" value="org.jboss.logmanager.LogManager"/>
    <property name="java.library.path" value="/Users/patrikmaly/Library/Java/Extensions:/Library/Java/Extensions:/Network/Library/Java/Extensions:/System/Library/Java/Extensions:/usr/lib/java:."/>
    <property name="java.vm.info" value="mixed mode"/>
    <property name="stderr.encoding" value="UTF-8"/>
    <property name="java.vendor" value="Eclipse Adoptium"/>
    <property name="vertx.disableTCCL" value="true"/>
    <property name="java.vm.version" value="21+35-LTS"/>
    <property name="sun.io.unicode.encoding" value="UnicodeBig"/>
    <property name="io.netty.machineId" value="cb:6c:a0:a1:66:fb:d1:df"/>
    <property name="socksNonProxyHosts" value="local|*.local|169.254/16|*.169.254/16"/>
    <property name="java.class.version" value="65.0"/>
  </properties>
  <testcase name="testJaxrs" classname="sk.malyp.GreetingTest" time="0.533">
    <system-out><![CDATA[&amp#27;[90mDownloading from &amp#27;[0mcentral&amp#27;[90m: https://repo.maven.apache.org/maven2/&amp#27;[0mio/quarkus/quarkus-resteasy-deployment/3.6.3/quarkus-resteasy-deployment-3.6.3.pom
Progress (1): quarkus-resteasy-deployment-3.6.3.pom (1.4/4.0 kB)Progress (1): quarkus-resteasy-deployment-3.6.3.pom (2.8/4.0 kB)Progress (1): quarkus-resteasy-deployment-3.6.3.pom (4.0 kB)                                                                Downloaded&amp#27;[90m from &amp#27;[0mcentral&amp#27;[90m: https://repo.maven.apache.org/maven2/&amp#27;[0mio/quarkus/quarkus-resteasy-deployment/3.6.3/quarkus-resteasy-deployment-3.6.3.pom&amp#27;[90m (4.0 kB at 18 kB/s)&amp#27;[0m
&amp#27;[90mDownloading from &amp#27;[0mcentral&amp#27;[90m: https://repo.maven.apache.org/maven2/&amp#27;[0mio/quarkus/quarkus-resteasy-server-common-deployment/3.6.3/quarkus-resteasy-server-common-deployment-3.6.3.pom
Progress (1): quarkus-resteasy-server-common-deployment-3.6.3.pom (1.4/2.3 kB)Progress (1): quarkus-resteasy-server-common-deployment-3.6.3.pom (2.3 kB)                                                                              Downloaded&amp#27;[90m from &amp#27;[0mcentral&amp#27;[90m: https://repo.maven.apache.org/maven2/&amp#27;[0mio/quarkus/quarkus-resteasy-server-common-deployment/3.6.3/quarkus-resteasy-server-common-deployment-3.6.3.pom&amp#27;[90m (2.3 kB at 122 kB/s)&amp#27;[0m
&amp#27;[90mDownloading from &amp#27;[0mcentral&amp#27;[90m: https://repo.maven.apache.org/maven2/&amp#27;[0mio/quarkus/quarkus-resteasy-common-deployment/3.6.3/quarkus-resteasy-common-deployment-3.6.3.pom
Progress (1): quarkus-resteasy-common-deployment-3.6.3.pom (1.4/1.8 kB)Progress (1): quarkus-resteasy-common-deployment-3.6.3.pom (1.8 kB)                                                                       Downloaded&amp#27;[90m from &amp#27;[0mcentral&amp#27;[90m: https://repo.maven.apache.org/maven2/&amp#27;[0mio/quarkus/quarkus-resteasy-common-deployment/3.6.3/quarkus-resteasy-common-deployment-3.6.3.pom&amp#27;[90m (1.8 kB at 114 kB/s)&amp#27;[0m
&amp#27;[90mDownloading from &amp#27;[0mcentral&amp#27;[90m: https://repo.maven.apache.org/maven2/&amp#27;[0mio/quarkus/quarkus-resteasy-common-spi/3.6.3/quarkus-resteasy-common-spi-3.6.3.pom
Progress (1): quarkus-resteasy-common-spi-3.6.3.pom (778 B)                                                           Downloaded&amp#27;[90m from &amp#27;[0mcentral&amp#27;[90m: https://repo.maven.apache.org/maven2/&amp#27;[0mio/quarkus/quarkus-resteasy-common-spi/3.6.3/quarkus-resteasy-common-spi-3.6.3.pom&amp#27;[90m (778 B at 35 kB/s)&amp#27;[0m
&amp#27;[90mDownloading from &amp#27;[0mcentral&amp#27;[90m: https://repo.maven.apache.org/maven2/&amp#27;[0mio/quarkus/quarkus-resteasy-server-common-spi/3.6.3/quarkus-resteasy-server-common-spi-3.6.3.pom
Progress (1): quarkus-resteasy-server-common-spi-3.6.3.pom (891 B)                                                                  Downloaded&amp#27;[90m from &amp#27;[0mcentral&amp#27;[90m: https://repo.maven.apache.org/maven2/&amp#27;[0mio/quarkus/quarkus-resteasy-server-common-spi/3.6.3/quarkus-resteasy-server-common-spi-3.6.3.pom&amp#27;[90m (891 B at 42 kB/s)&amp#27;[0m
&amp#27;[90mDownloading from &amp#27;[0mcentral&amp#27;[90m: https://repo.maven.apache.org/maven2/&amp#27;[0mio/quarkus/quarkus-undertow-spi/3.6.3/quarkus-undertow-spi-3.6.3.pom
Progress (1): quarkus-undertow-spi-3.6.3.pom (1.4/2.0 kB)Progress (1): quarkus-undertow-spi-3.6.3.pom (2.0 kB)                                                         Downloaded&amp#27;[90m from &amp#27;[0mcentral&amp#27;[90m: https://repo.maven.apache.org/maven2/&amp#27;[0mio/quarkus/quarkus-undertow-spi/3.6.3/quarkus-undertow-spi-3.6.3.pom&amp#27;[90m (2.0 kB at 113 kB/s)&amp#27;[0m
&amp#27;[90mDownloading from &amp#27;[0mcentral&amp#27;[90m: https://repo.maven.apache.org/maven2/&amp#27;[0morg/jboss/metadata/jboss-metadata-web/16.0.0.Final/jboss-metadata-web-16.0.0.Final.pom
Progress (1): jboss-metadata-web-16.0.0.Final.pom (1.4/4.6 kB)Progress (1): jboss-metadata-web-16.0.0.Final.pom (2.8/4.6 kB)Progress (1): jboss-metadata-web-16.0.0.Final.pom (4.1/4.6 kB)Progress (1): jboss-metadata-web-16.0.0.Final.pom (4.6 kB)                                                              Downloaded&amp#27;[90m from &amp#27;[0mcentral&amp#27;[90m: https://repo.maven.apache.org/maven2/&amp#27;[0morg/jboss/metadata/jboss-metadata-web/16.0.0.Final/jboss-metadata-web-16.0.0.Final.pom&amp#27;[90m (4.6 kB at 240 kB/s)&amp#27;[0m
&amp#27;[90mDownloading from &amp#27;[0mcentral&amp#27;[90m: https://repo.maven.apache.org/maven2/&amp#27;[0morg/jboss/metadata/jboss-as-parent-metadata/16.0.0.Final/jboss-as-parent-metadata-16.0.0.Final.pom
Progress (1): jboss-as-parent-metadata-16.0.0.Final.pom (1.4/18 kB)Progress (1): jboss-as-parent-metadata-16.0.0.Final.pom (2.8/18 kB)Progress (1): jboss-as-parent-metadata-16.0.0.Final.pom (4.1/18 kB)Progress (1): jboss-as-parent-metadata-16.0.0.Final.pom (5.5/18 kB)Progress (1): jboss-as-parent-metadata-16.0.0.Final.pom (6.9/18 kB)Progress (1): jboss-as-parent-metadata-16.0.0.Final.pom (8.3/18 kB)Progress (1): jboss-as-parent-metadata-16.0.0.Final.pom (9.7/18 kB)Progress (1): jboss-as-parent-metadata-16.0.0.Final.pom (11/18 kB) Progress (1): jboss-as-parent-metadata-16.0.0.Final.pom (12/18 kB)Progress (1): jboss-as-parent-metadata-16.0.0.Final.pom (14/18 kB)Progress (1): jboss-as-parent-metadata-16.0.0.Final.pom (15/18 kB)Progress (1): jboss-as-parent-metadata-16.0.0.Final.pom (16/18 kB)Progress (1): jboss-as-parent-metadata-16.0.0.Final.pom (17/18 kB)Progress (1): jboss-as-parent-metadata-16.0.0.Final.pom (18 kB)                                                                  Downloaded&amp#27;[90m from &amp#27;[0mcentral&amp#27;[90m: https://repo.maven.apache.org/maven2/&amp#27;[0morg/jboss/metadata/jboss-as-parent-metadata/16.0.0.Final/jboss-as-parent-metadata-16.0.0.Final.pom&amp#27;[90m (18 kB at 768 kB/s)&amp#27;[0m
&amp#27;[90mDownloading from &amp#27;[0mcentral&amp#27;[90m: https://repo.maven.apache.org/maven2/&amp#27;[0morg/jboss/metadata/jboss-metadata-common/16.0.0.Final/jboss-metadata-common-16.0.0.Final.pom
Progress (1): jboss-metadata-common-16.0.0.Final.pom (1.4/4.0 kB)Progress (1): jboss-metadata-common-16.0.0.Final.pom (2.8/4.0 kB)Progress (1): jboss-metadata-common-16.0.0.Final.pom (4.0 kB)                                                                 Downloaded&amp#27;[90m from &amp#27;[0mcentral&amp#27;[90m: https://repo.maven.apache.org/maven2/&amp#27;[0morg/jboss/metadata/jboss-metadata-common/16.0.0.Final/jboss-metadata-common-16.0.0.Final.pom&amp#27;[90m (4.0 kB at 210 kB/s)&amp#27;[0m
&amp#27;[90mDownloading from &amp#27;[0mcentral&amp#27;[90m: https://repo.maven.apache.org/maven2/&amp#27;[0mio/quarkus/quarkus-amazon-lambda-rest-deployment/3.6.3/quarkus-amazon-lambda-rest-deployment-3.6.3.pom
Progress (1): quarkus-amazon-lambda-rest-deployment-3.6.3.pom (1.4/2.7 kB)Progress (1): quarkus-amazon-lambda-rest-deployment-3.6.3.pom (2.7 kB)                                                                          Downloaded&amp#27;[90m from &amp#27;[0mcentral&amp#27;[90m: https://repo.maven.apache.org/maven2/&amp#27;[0mio/quarkus/quarkus-amazon-lambda-rest-deployment/3.6.3/quarkus-amazon-lambda-rest-deployment-3.6.3.pom&amp#27;[90m (2.7 kB at 122 kB/s)&amp#27;[0m
&amp#27;[90mDownloading from &amp#27;[0mcentral&amp#27;[90m: https://repo.maven.apache.org/maven2/&amp#27;[0mio/quarkus/quarkus-security-deployment/3.6.3/quarkus-security-deployment-3.6.3.pom
Progress (1): quarkus-security-deployment-3.6.3.pom (1.4/2.5 kB)Progress (1): quarkus-security-deployment-3.6.3.pom (2.5 kB)                                                                Downloaded&amp#27;[90m from &amp#27;[0mcentral&amp#27;[90m: https://repo.maven.apache.org/maven2/&amp#27;[0mio/quarkus/quarkus-security-deployment/3.6.3/quarkus-security-deployment-3.6.3.pom&amp#27;[90m (2.5 kB at 99 kB/s)&amp#27;[0m
&amp#27;[90mDownloading from &amp#27;[0mcentral&amp#27;[90m: https://repo.maven.apache.org/maven2/&amp#27;[0mio/quarkus/quarkus-amazon-lambda-deployment/3.6.3/quarkus-amazon-lambda-deployment-3.6.3.pom
Progress (1): quarkus-amazon-lambda-deployment-3.6.3.pom (1.4/2.1 kB)Progress (1): quarkus-amazon-lambda-deployment-3.6.3.pom (2.1 kB)                                                                     Downloaded&amp#27;[90m from &amp#27;[0mcentral&amp#27;[90m: https://repo.maven.apache.org/maven2/&amp#27;[0mio/quarkus/quarkus-amazon-lambda-deployment/3.6.3/quarkus-amazon-lambda-deployment-3.6.3.pom&amp#27;[90m (2.1 kB at 100 kB/s)&amp#27;[0m
&amp#27;[90mDownloading from &amp#27;[0mcentral&amp#27;[90m: https://repo.maven.apache.org/maven2/&amp#27;[0mio/quarkus/quarkus-amazon-lambda-common-deployment/3.6.3/quarkus-amazon-lambda-common-deployment-3.6.3.pom
Progress (1): quarkus-amazon-lambda-common-deployment-3.6.3.pom (1.4/2.4 kB)Progress (1): quarkus-amazon-lambda-common-deployment-3.6.3.pom (2.4 kB)                                                                            Downloaded&amp#27;[90m from &amp#27;[0mcentral&amp#27;[90m: https://repo.maven.apache.org/maven2/&amp#27;[0mio/quarkus/quarkus-amazon-lambda-common-deployment/3.6.3/quarkus-amazon-lambda-common-deployment-3.6.3.pom&amp#27;[90m (2.4 kB at 131 kB/s)&amp#27;[0m
&amp#27;[90mDownloading from &amp#27;[0mcentral&amp#27;[90m: https://repo.maven.apache.org/maven2/&amp#27;[0mio/quarkus/quarkus-jackson-deployment/3.6.3/quarkus-jackson-deployment-3.6.3.pom
Progress (1): quarkus-jackson-deployment-3.6.3.pom (1.4/2.1 kB)Progress (1): quarkus-jackson-deployment-3.6.3.pom (2.1 kB)                                                               Downloaded&amp#27;[90m from &amp#27;[0mcentral&amp#27;[90m: https://repo.maven.apache.org/maven2/&amp#27;[0mio/quarkus/quarkus-jackson-deployment/3.6.3/quarkus-jackson-deployment-3.6.3.pom&amp#27;[90m (2.1 kB at 133 kB/s)&amp#27;[0m
&amp#27;[90mDownloading from &amp#27;[0mcentral&amp#27;[90m: https://repo.maven.apache.org/maven2/&amp#27;[0mio/quarkus/quarkus-jackson-spi/3.6.3/quarkus-jackson-spi-3.6.3.pom
Progress (1): quarkus-jackson-spi-3.6.3.pom (829 B)                                                   Downloaded&amp#27;[90m from &amp#27;[0mcentral&amp#27;[90m: https://repo.maven.apache.org/maven2/&amp#27;[0mio/quarkus/quarkus-jackson-spi/3.6.3/quarkus-jackson-spi-3.6.3.pom&amp#27;[90m (829 B at 49 kB/s)&amp#27;[0m
&amp#27;[90mDownloading from &amp#27;[0mcentral&amp#27;[90m: https://repo.maven.apache.org/maven2/&amp#27;[0mio/quarkus/quarkus-amazon-lambda-event-server/3.6.3/quarkus-amazon-lambda-event-server-3.6.3.pom
Progress (1): quarkus-amazon-lambda-event-server-3.6.3.pom (1.4/1.9 kB)Progress (1): quarkus-amazon-lambda-event-server-3.6.3.pom (1.9 kB)                                                                       Downloaded&amp#27;[90m from &amp#27;[0mcentral&amp#27;[90m: https://repo.maven.apache.org/maven2/&amp#27;[0mio/quarkus/quarkus-amazon-lambda-event-server/3.6.3/quarkus-amazon-lambda-event-server-3.6.3.pom&amp#27;[90m (1.9 kB at 116 kB/s)&amp#27;[0m
&amp#27;[90mDownloading from &amp#27;[0mcentral&amp#27;[90m: https://repo.maven.apache.org/maven2/&amp#27;[0mio/quarkus/quarkus-amazon-lambda-rest-event-server/3.6.3/quarkus-amazon-lambda-rest-event-server-3.6.3.pom
Progress (1): quarkus-amazon-lambda-rest-event-server-3.6.3.pom (1.4/1.5 kB)Progress (1): quarkus-amazon-lambda-rest-event-server-3.6.3.pom (1.5 kB)                                                                            Downloaded&amp#27;[90m from &amp#27;[0mcentral&amp#27;[90m: https://repo.maven.apache.org/maven2/&amp#27;[0mio/quarkus/quarkus-amazon-lambda-rest-event-server/3.6.3/quarkus-amazon-lambda-rest-event-server-3.6.3.pom&amp#27;[90m (1.5 kB at 89 kB/s)&amp#27;[0m
&amp#27;[90mDownloading from &amp#27;[0mcentral&amp#27;[90m: https://repo.maven.apache.org/maven2/&amp#27;[0mio/quarkus/quarkus-resteasy-common-spi/3.6.3/quarkus-resteasy-common-spi-3.6.3.jar
Progress (1): quarkus-resteasy-common-spi-3.6.3.jar (9.0 kB)                                                            Downloaded&amp#27;[90m from &amp#27;[0mcentral&amp#27;[90m: https://repo.maven.apache.org/maven2/&amp#27;[0mio/quarkus/quarkus-resteasy-common-spi/3.6.3/quarkus-resteasy-common-spi-3.6.3.jar&amp#27;[90m (9.0 kB at 499 kB/s)&amp#27;[0m
&amp#27;[90mDownloading from &amp#27;[0mcentral&amp#27;[90m: https://repo.maven.apache.org/maven2/&amp#27;[0mio/quarkus/quarkus-resteasy-common-deployment/3.6.3/quarkus-resteasy-common-deployment-3.6.3.jar
Progress (1): quarkus-resteasy-common-deployment-3.6.3.jar (16/23 kB)Progress (1): quarkus-resteasy-common-deployment-3.6.3.jar (23 kB)                                                                     Downloaded&amp#27;[90m from &amp#27;[0mcentral&amp#27;[90m: https://repo.maven.apache.org/maven2/&amp#27;[0mio/quarkus/quarkus-resteasy-common-deployment/3.6.3/quarkus-resteasy-common-deployment-3.6.3.jar&amp#27;[90m (23 kB at 1.1 MB/s)&amp#27;[0m
&amp#27;[90mDownloading from &amp#27;[0mcentral&amp#27;[90m: https://repo.maven.apache.org/maven2/&amp#27;[0mio/quarkus/quarkus-resteasy-server-common-spi/3.6.3/quarkus-resteasy-server-common-spi-3.6.3.jar
Progress (1): quarkus-resteasy-server-common-spi-3.6.3.jar (5.5 kB)                                                                   Downloaded&amp#27;[90m from &amp#27;[0mcentral&amp#27;[90m: https://repo.maven.apache.org/maven2/&amp#27;[0mio/quarkus/quarkus-resteasy-server-common-spi/3.6.3/quarkus-resteasy-server-common-spi-3.6.3.jar&amp#27;[90m (5.5 kB at 260 kB/s)&amp#27;[0m
&amp#27;[90mDownloading from &amp#27;[0mcentral&amp#27;[90m: https://repo.maven.apache.org/maven2/&amp#27;[0morg/jboss/metadata/jboss-metadata-common/16.0.0.Final/jboss-metadata-common-16.0.0.Final.jar
Progress (1): jboss-metadata-common-16.0.0.Final.jar (16/567 kB)Progress (1): jboss-metadata-common-16.0.0.Final.jar (32/567 kB)Progress (1): jboss-metadata-common-16.0.0.Final.jar (49/567 kB)Progress (1): jboss-metadata-common-16.0.0.Final.jar (65/567 kB)Progress (1): jboss-metadata-common-16.0.0.Final.jar (81/567 kB)Progress (1): jboss-metadata-common-16.0.0.Final.jar (98/567 kB)Progress (1): jboss-metadata-common-16.0.0.Final.jar (114/567 kB)Progress (1): jboss-metadata-common-16.0.0.Final.jar (131/567 kB)Progress (1): jboss-metadata-common-16.0.0.Final.jar (147/567 kB)Progress (1): jboss-metadata-common-16.0.0.Final.jar (163/567 kB)Progress (1): jboss-metadata-common-16.0.0.Final.jar (180/567 kB)Progress (1): jboss-metadata-common-16.0.0.Final.jar (196/567 kB)Progress (1): jboss-metadata-common-16.0.0.Final.jar (212/567 kB)Progress (1): jboss-metadata-common-16.0.0.Final.jar (229/567 kB)Progress (1): jboss-metadata-common-16.0.0.Final.jar (245/567 kB)Progress (1): jboss-metadata-common-16.0.0.Final.jar (262/567 kB)Progress (1): jboss-metadata-common-16.0.0.Final.jar (278/567 kB)Progress (1): jboss-metadata-common-16.0.0.Final.jar (294/567 kB)Progress (1): jboss-metadata-common-16.0.0.Final.jar (311/567 kB)Progress (1): jboss-metadata-common-16.0.0.Final.jar (327/567 kB)Progress (1): jboss-metadata-common-16.0.0.Final.jar (344/567 kB)Progress (1): jboss-metadata-common-16.0.0.Final.jar (360/567 kB)Progress (1): jboss-metadata-common-16.0.0.Final.jar (376/567 kB)Progress (1): jboss-metadata-common-16.0.0.Final.jar (393/567 kB)Progress (1): jboss-metadata-common-16.0.0.Final.jar (402/567 kB)Progress (1): jboss-metadata-common-16.0.0.Final.jar (418/567 kB)Progress (1): jboss-metadata-common-16.0.0.Final.jar (435/567 kB)Progress (1): jboss-metadata-common-16.0.0.Final.jar (451/567 kB)Progress (1): jboss-metadata-common-16.0.0.Final.jar (468/567 kB)Progress (1): jboss-metadata-common-16.0.0.Final.jar (484/567 kB)Progress (1): jboss-metadata-common-16.0.0.Final.jar (500/567 kB)Progress (1): jboss-metadata-common-16.0.0.Final.jar (517/567 kB)Progress (1): jboss-metadata-common-16.0.0.Final.jar (533/567 kB)Progress (1): jboss-metadata-common-16.0.0.Final.jar (549/567 kB)Progress (1): jboss-metadata-common-16.0.0.Final.jar (566/567 kB)Progress (1): jboss-metadata-common-16.0.0.Final.jar (567 kB)                                                                 Downloaded&amp#27;[90m from &amp#27;[0mcentral&amp#27;[90m: https://repo.maven.apache.org/maven2/&amp#27;[0morg/jboss/metadata/jboss-metadata-common/16.0.0.Final/jboss-metadata-common-16.0.0.Final.jar&amp#27;[90m (567 kB at 6.8 MB/s)&amp#27;[0m
&amp#27;[90mDownloading from &amp#27;[0mcentral&amp#27;[90m: https://repo.maven.apache.org/maven2/&amp#27;[0morg/jboss/metadata/jboss-metadata-web/16.0.0.Final/jboss-metadata-web-16.0.0.Final.jar
Progress (1): jboss-metadata-web-16.0.0.Final.jar (16/593 kB)Progress (1): jboss-metadata-web-16.0.0.Final.jar (33/593 kB)Progress (1): jboss-metadata-web-16.0.0.Final.jar (49/593 kB)Progress (1): jboss-metadata-web-16.0.0.Final.jar (62/593 kB)Progress (1): jboss-metadata-web-16.0.0.Final.jar (79/593 kB)Progress (1): jboss-metadata-web-16.0.0.Final.jar (95/593 kB)Progress (1): jboss-metadata-web-16.0.0.Final.jar (112/593 kB)Progress (1): jboss-metadata-web-16.0.0.Final.jar (128/593 kB)Progress (1): jboss-metadata-web-16.0.0.Final.jar (144/593 kB)Progress (1): jboss-metadata-web-16.0.0.Final.jar (161/593 kB)Progress (1): jboss-metadata-web-16.0.0.Final.jar (177/593 kB)Progress (1): jboss-metadata-web-16.0.0.Final.jar (193/593 kB)Progress (1): jboss-metadata-web-16.0.0.Final.jar (210/593 kB)Progress (1): jboss-metadata-web-16.0.0.Final.jar (226/593 kB)Progress (1): jboss-metadata-web-16.0.0.Final.jar (243/593 kB)Progress (1): jboss-metadata-web-16.0.0.Final.jar (259/593 kB)Progress (1): jboss-metadata-web-16.0.0.Final.jar (275/593 kB)Progress (1): jboss-metadata-web-16.0.0.Final.jar (292/593 kB)Progress (1): jboss-metadata-web-16.0.0.Final.jar (308/593 kB)Progress (1): jboss-metadata-web-16.0.0.Final.jar (325/593 kB)Progress (1): jboss-metadata-web-16.0.0.Final.jar (341/593 kB)Progress (1): jboss-metadata-web-16.0.0.Final.jar (357/593 kB)Progress (1): jboss-metadata-web-16.0.0.Final.jar (374/593 kB)Progress (1): jboss-metadata-web-16.0.0.Final.jar (390/593 kB)Progress (1): jboss-metadata-web-16.0.0.Final.jar (406/593 kB)Progress (1): jboss-metadata-web-16.0.0.Final.jar (423/593 kB)Progress (1): jboss-metadata-web-16.0.0.Final.jar (439/593 kB)Progress (1): jboss-metadata-web-16.0.0.Final.jar (456/593 kB)Progress (1): jboss-metadata-web-16.0.0.Final.jar (472/593 kB)Progress (1): jboss-metadata-web-16.0.0.Final.jar (488/593 kB)Progress (1): jboss-metadata-web-16.0.0.Final.jar (505/593 kB)Progress (1): jboss-metadata-web-16.0.0.Final.jar (521/593 kB)Progress (1): jboss-metadata-web-16.0.0.Final.jar (538/593 kB)Progress (1): jboss-metadata-web-16.0.0.Final.jar (554/593 kB)Progress (1): jboss-metadata-web-16.0.0.Final.jar (570/593 kB)Progress (1): jboss-metadata-web-16.0.0.Final.jar (587/593 kB)Progress (1): jboss-metadata-web-16.0.0.Final.jar (593 kB)                                                              Downloaded&amp#27;[90m from &amp#27;[0mcentral&amp#27;[90m: https://repo.maven.apache.org/maven2/&amp#27;[0morg/jboss/metadata/jboss-metadata-web/16.0.0.Final/jboss-metadata-web-16.0.0.Final.jar&amp#27;[90m (593 kB at 11 MB/s)&amp#27;[0m
&amp#27;[90mDownloading from &amp#27;[0mcentral&amp#27;[90m: https://repo.maven.apache.org/maven2/&amp#27;[0mio/quarkus/quarkus-undertow-spi/3.6.3/quarkus-undertow-spi-3.6.3.jar
Progress (1): quarkus-undertow-spi-3.6.3.jar (16/23 kB)Progress (1): quarkus-undertow-spi-3.6.3.jar (23 kB)                                                       Downloaded&amp#27;[90m from &amp#27;[0mcentral&amp#27;[90m: https://repo.maven.apache.org/maven2/&amp#27;[0mio/quarkus/quarkus-undertow-spi/3.6.3/quarkus-undertow-spi-3.6.3.jar&amp#27;[90m (23 kB at 1.2 MB/s)&amp#27;[0m
&amp#27;[90mDownloading from &amp#27;[0mcentral&amp#27;[90m: https://repo.maven.apache.org/maven2/&amp#27;[0mio/quarkus/quarkus-resteasy-server-common-deployment/3.6.3/quarkus-resteasy-server-common-deployment-3.6.3.jar
Progress (1): quarkus-resteasy-server-common-deployment-3.6.3.jar (16/34 kB)Progress (1): quarkus-resteasy-server-common-deployment-3.6.3.jar (32/34 kB)Progress (1): quarkus-resteasy-server-common-deployment-3.6.3.jar (34 kB)                                                                            Downloaded&amp#27;[90m from &amp#27;[0mcentral&amp#27;[90m: https://repo.maven.apache.org/maven2/&amp#27;[0mio/quarkus/quarkus-resteasy-server-common-deployment/3.6.3/quarkus-resteasy-server-common-deployment-3.6.3.jar&amp#27;[90m (34 kB at 1.3 MB/s)&amp#27;[0m
&amp#27;[90mDownloading from &amp#27;[0mcentral&amp#27;[90m: https://repo.maven.apache.org/maven2/&amp#27;[0mio/quarkus/quarkus-resteasy-deployment/3.6.3/quarkus-resteasy-deployment-3.6.3.jar
Progress (1): quarkus-resteasy-deployment-3.6.3.jar (16/26 kB)Progress (1): quarkus-resteasy-deployment-3.6.3.jar (26 kB)                                                              Downloaded&amp#27;[90m from &amp#27;[0mcentral&amp#27;[90m: https://repo.maven.apache.org/maven2/&amp#27;[0mio/quarkus/quarkus-resteasy-deployment/3.6.3/quarkus-resteasy-deployment-3.6.3.jar&amp#27;[90m (26 kB at 1.5 MB/s)&amp#27;[0m
&amp#27;[90mDownloading from &amp#27;[0mcentral&amp#27;[90m: https://repo.maven.apache.org/maven2/&amp#27;[0mio/quarkus/quarkus-security-deployment/3.6.3/quarkus-security-deployment-3.6.3.jar
Progress (1): quarkus-security-deployment-3.6.3.jar (16/61 kB)Progress (1): quarkus-security-deployment-3.6.3.jar (32/61 kB)Progress (1): quarkus-security-deployment-3.6.3.jar (49/61 kB)Progress (1): quarkus-security-deployment-3.6.3.jar (61 kB)                                                              Downloaded&amp#27;[90m from &amp#27;[0mcentral&amp#27;[90m: https://repo.maven.apache.org/maven2/&amp#27;[0mio/quarkus/quarkus-security-deployment/3.6.3/quarkus-security-deployment-3.6.3.jar&amp#27;[90m (61 kB at 2.4 MB/s)&amp#27;[0m
&amp#27;[90mDownloading from &amp#27;[0mcentral&amp#27;[90m: https://repo.maven.apache.org/maven2/&amp#27;[0mio/quarkus/quarkus-jackson-spi/3.6.3/quarkus-jackson-spi-3.6.3.jar
Progress (1): quarkus-jackson-spi-3.6.3.jar (5.9 kB)                                                    Downloaded&amp#27;[90m from &amp#27;[0mcentral&amp#27;[90m: https://repo.maven.apache.org/maven2/&amp#27;[0mio/quarkus/quarkus-jackson-spi/3.6.3/quarkus-jackson-spi-3.6.3.jar&amp#27;[90m (5.9 kB at 366 kB/s)&amp#27;[0m
&amp#27;[90mDownloading from &amp#27;[0mcentral&amp#27;[90m: https://repo.maven.apache.org/maven2/&amp#27;[0mio/quarkus/quarkus-jackson-deployment/3.6.3/quarkus-jackson-deployment-3.6.3.jar
Progress (1): quarkus-jackson-deployment-3.6.3.jar (14 kB)                                                          Downloaded&amp#27;[90m from &amp#27;[0mcentral&amp#27;[90m: https://repo.maven.apache.org/maven2/&amp#27;[0mio/quarkus/quarkus-jackson-deployment/3.6.3/quarkus-jackson-deployment-3.6.3.jar&amp#27;[90m (14 kB at 834 kB/s)&amp#27;[0m
&amp#27;[90mDownloading from &amp#27;[0mcentral&amp#27;[90m: https://repo.maven.apache.org/maven2/&amp#27;[0mio/quarkus/quarkus-amazon-lambda-common-deployment/3.6.3/quarkus-amazon-lambda-common-deployment-3.6.3.jar
Progress (1): quarkus-amazon-lambda-common-deployment-3.6.3.jar (16/23 kB)Progress (1): quarkus-amazon-lambda-common-deployment-3.6.3.jar (23 kB)                                                                          Downloaded&amp#27;[90m from &amp#27;[0mcentral&amp#27;[90m: https://repo.maven.apache.org/maven2/&amp#27;[0mio/quarkus/quarkus-amazon-lambda-common-deployment/3.6.3/quarkus-amazon-lambda-common-deployment-3.6.3.jar&amp#27;[90m (23 kB at 1.4 MB/s)&amp#27;[0m
&amp#27;[90mDownloading from &amp#27;[0mcentral&amp#27;[90m: https://repo.maven.apache.org/maven2/&amp#27;[0mio/quarkus/quarkus-amazon-lambda-deployment/3.6.3/quarkus-amazon-lambda-deployment-3.6.3.jar
Progress (1): quarkus-amazon-lambda-deployment-3.6.3.jar (12 kB)                                                                Downloaded&amp#27;[90m from &amp#27;[0mcentral&amp#27;[90m: https://repo.maven.apache.org/maven2/&amp#27;[0mio/quarkus/quarkus-amazon-lambda-deployment/3.6.3/quarkus-amazon-lambda-deployment-3.6.3.jar&amp#27;[90m (12 kB at 522 kB/s)&amp#27;[0m
&amp#27;[90mDownloading from &amp#27;[0mcentral&amp#27;[90m: https://repo.maven.apache.org/maven2/&amp#27;[0mio/quarkus/quarkus-amazon-lambda-event-server/3.6.3/quarkus-amazon-lambda-event-server-3.6.3.jar
Progress (1): quarkus-amazon-lambda-event-server-3.6.3.jar (16 kB)                                                                  Downloaded&amp#27;[90m from &amp#27;[0mcentral&amp#27;[90m: https://repo.maven.apache.org/maven2/&amp#27;[0mio/quarkus/quarkus-amazon-lambda-event-server/3.6.3/quarkus-amazon-lambda-event-server-3.6.3.jar&amp#27;[90m (16 kB at 971 kB/s)&amp#27;[0m
&amp#27;[90mDownloading from &amp#27;[0mcentral&amp#27;[90m: https://repo.maven.apache.org/maven2/&amp#27;[0mio/quarkus/quarkus-amazon-lambda-rest-event-server/3.6.3/quarkus-amazon-lambda-rest-event-server-3.6.3.jar
Progress (1): quarkus-amazon-lambda-rest-event-server-3.6.3.jar (7.9 kB)                                                                        Downloaded&amp#27;[90m from &amp#27;[0mcentral&amp#27;[90m: https://repo.maven.apache.org/maven2/&amp#27;[0mio/quarkus/quarkus-amazon-lambda-rest-event-server/3.6.3/quarkus-amazon-lambda-rest-event-server-3.6.3.jar&amp#27;[90m (7.9 kB at 346 kB/s)&amp#27;[0m
&amp#27;[90mDownloading from &amp#27;[0mcentral&amp#27;[90m: https://repo.maven.apache.org/maven2/&amp#27;[0mio/quarkus/quarkus-amazon-lambda-rest-deployment/3.6.3/quarkus-amazon-lambda-rest-deployment-3.6.3.jar
Progress (1): quarkus-amazon-lambda-rest-deployment-3.6.3.jar (11 kB)                                                                     Downloaded&amp#27;[90m from &amp#27;[0mcentral&amp#27;[90m: https://repo.maven.apache.org/maven2/&amp#27;[0mio/quarkus/quarkus-amazon-lambda-rest-deployment/3.6.3/quarkus-amazon-lambda-rest-deployment-3.6.3.jar&amp#27;[90m (11 kB at 638 kB/s)&amp#27;[0m
&amp#27;[90mDownloading from &amp#27;[0mcentral&amp#27;[90m: https://repo.maven.apache.org/maven2/&amp#27;[0mio/quarkus/quarkus-bom-quarkus-platform-properties/3.6.3/quarkus-bom-quarkus-platform-properties-3.6.3.properties
Progress (1): quarkus-bom-quarkus-platform-properties-3.6.3.properties (45 B)                                                                             Downloaded&amp#27;[90m from &amp#27;[0mcentral&amp#27;[90m: https://repo.maven.apache.org/maven2/&amp#27;[0mio/quarkus/quarkus-bom-quarkus-platform-properties/3.6.3/quarkus-bom-quarkus-platform-properties-3.6.3.properties&amp#27;[90m (45 B at 1.9 kB/s)&amp#27;[0m
2023-12-20 09:40:15,933 INFO  [io.qua.ama.lam.run.MockEventServer] (build-6) Mock Lambda Event Server Started
2023-12-20 09:40:16,419 INFO  [io.qua.ama.lam.run.AbstractLambdaPollLoop] (Lambda Thread (TEST)) Listening on: http://localhost:8081/_lambda_/2018-06-01/runtime/invocation/next
2023-12-20 09:40:16,438 INFO  [io.quarkus] (main) quarkus-lambda-tutorial 1.0-SNAPSHOT on JVM (powered by Quarkus 3.6.3) started in 1.343s. 
2023-12-20 09:40:16,438 INFO  [io.quarkus] (main) Profile test activated. 
2023-12-20 09:40:16,438 INFO  [io.quarkus] (main) Installed features: [amazon-lambda, cdi, resteasy, security, smallrye-context-propagation, vertx]
]]></system-out>
  </testcase>
</testsuite>